<?xml version="1.0" encoding="utf-8"?><testsuites name="pytest tests"><testsuite name="pytest" errors="0" failures="3" skipped="0" tests="16" time="1.590" timestamp="2026-02-05T16:20:32.429071+00:00" hostname="agent-env-526127b6-4cf3-4e0f-89e0-eba248c8f437"><testcase classname="backend.tests.test_users_whatsapp.TestAuthentication" name="test_login_success" time="0.330" /><testcase classname="backend.tests.test_users_whatsapp.TestAuthentication" name="test_login_invalid_credentials" time="0.039" /><testcase classname="backend.tests.test_users_whatsapp.TestAuthentication" name="test_get_current_user" time="0.301" /><testcase classname="backend.tests.test_users_whatsapp.TestUserManagement" name="test_get_all_users" time="0.037" /><testcase classname="backend.tests.test_users_whatsapp.TestUserManagement" name="test_create_user" time="0.039"><failure message="AssertionError: Failed to create user: Internal Server Error&#10;assert 520 == 201&#10; +  where 520 = &lt;Response [520]&gt;.status_code">backend/tests/test_users_whatsapp.py:126: in test_create_user
    assert response.status_code == 201, f"Failed to create user: {response.text}"
E   AssertionError: Failed to create user: Internal Server Error
E   assert 520 == 201
E    +  where 520 = &lt;Response [520]&gt;.status_code</failure></testcase><testcase classname="backend.tests.test_users_whatsapp.TestUserManagement" name="test_get_single_user" time="0.075" /><testcase classname="backend.tests.test_users_whatsapp.TestUserManagement" name="test_update_user" time="0.080"><failure message="assert 520 == 201&#10; +  where 520 = &lt;Response [520]&gt;.status_code">backend/tests/test_users_whatsapp.py:170: in test_update_user
    assert create_resp.status_code == 201
E   assert 520 == 201
E    +  where 520 = &lt;Response [520]&gt;.status_code</failure></testcase><testcase classname="backend.tests.test_users_whatsapp.TestUserManagement" name="test_delete_user" time="0.095"><failure message="assert 520 == 201&#10; +  where 520 = &lt;Response [520]&gt;.status_code">backend/tests/test_users_whatsapp.py:229: in test_delete_user
    assert create_resp.status_code == 201
E   assert 520 == 201
E    +  where 520 = &lt;Response [520]&gt;.status_code</failure></testcase><testcase classname="backend.tests.test_users_whatsapp.TestUserManagement" name="test_cannot_delete_self" time="0.075" /><testcase classname="backend.tests.test_users_whatsapp.TestUserManagement" name="test_duplicate_email_rejected" time="0.042" /><testcase classname="backend.tests.test_users_whatsapp.TestWhatsAppLogs" name="test_get_whatsapp_logs" time="0.039" /><testcase classname="backend.tests.test_users_whatsapp.TestWhatsAppLogs" name="test_get_whatsapp_logs_with_filters" time="0.120" /><testcase classname="backend.tests.test_users_whatsapp.TestWhatsAppLogs" name="test_get_whatsapp_logs_stats" time="0.038" /><testcase classname="backend.tests.test_users_whatsapp.TestPublicCompanySettings" name="test_get_public_company_settings" time="0.037" /><testcase classname="backend.tests.test_users_whatsapp.TestCompanySettingsLoginTab" name="test_get_company_settings" time="0.046" /><testcase classname="backend.tests.test_users_whatsapp.TestCleanup" name="test_cleanup_test_users" time="0.037" /></testsuite></testsuites>