<?xml version="1.0" encoding="utf-8"?><testsuites name="pytest tests"><testsuite name="pytest" errors="0" failures="0" skipped="0" tests="27" time="5.738" timestamp="2026-03-16T15:33:50.925301+00:00" hostname="agent-env-35a828c2-ac63-4d6a-8149-a2da265eb319"><testcase classname="tests.test_mr_phase2.TestMRLogin" name="test_mr_login_success" time="0.782" /><testcase classname="tests.test_mr_phase2.TestMRLogin" name="test_mr_login_wrong_password" time="0.334" /><testcase classname="tests.test_mr_phase2.TestMRLogin" name="test_mr_login_invalid_phone" time="0.152" /><testcase classname="tests.test_mr_phase2.TestMRLogin" name="test_mr_login_missing_fields" time="0.131" /><testcase classname="tests.test_mr_phase2.TestMRDashboard" name="test_get_mr_profile" time="0.109" /><testcase classname="tests.test_mr_phase2.TestMRDashboard" name="test_get_mr_dashboard" time="0.149" /><testcase classname="tests.test_mr_phase2.TestMRDashboard" name="test_dashboard_unauthorized" time="0.122" /><testcase classname="tests.test_mr_phase2.TestMRCustomers" name="test_get_all_customers" time="0.116" /><testcase classname="tests.test_mr_phase2.TestMRCustomers" name="test_get_customers_by_type_doctor" time="0.128" /><testcase classname="tests.test_mr_phase2.TestMRCustomers" name="test_get_customers_by_type_medical" time="0.116" /><testcase classname="tests.test_mr_phase2.TestMRCustomers" name="test_get_customers_by_type_agency" time="0.110" /><testcase classname="tests.test_mr_phase2.TestMRCustomers" name="test_search_customers" time="0.106" /><testcase classname="tests.test_mr_phase2.TestMRVisits" name="test_get_visits_empty_or_list" time="0.109" /><testcase classname="tests.test_mr_phase2.TestMRVisits" name="test_create_visit" time="0.219" /><testcase classname="tests.test_mr_phase2.TestMRVisits" name="test_create_visit_with_followup" time="0.261" /><testcase classname="tests.test_mr_phase2.TestMRVisits" name="test_verify_visit_in_list" time="0.111" /><testcase classname="tests.test_mr_phase2.TestMRVisits" name="test_update_visit" time="0.419" /><testcase classname="tests.test_mr_phase2.TestMRFollowups" name="test_get_followups_today" time="0.130" /><testcase classname="tests.test_mr_phase2.TestMRFollowups" name="test_get_followups_overdue" time="0.129" /><testcase classname="tests.test_mr_phase2.TestMRFollowups" name="test_get_followups_upcoming" time="0.279" /><testcase classname="tests.test_mr_phase2.TestMRFollowups" name="test_mark_followup_done" time="0.245" /><testcase classname="tests.test_mr_phase2.TestMRVisualAids" name="test_get_visual_aids" time="0.149" /><testcase classname="tests.test_mr_phase2.TestMRVisualAids" name="test_get_visual_aid_deck_with_slides" time="0.255" /><testcase classname="tests.test_mr_phase2.TestMRVisualAids" name="test_get_invalid_deck" time="0.109" /><testcase classname="tests.test_mr_phase2.TestAdminRegressionMRModule" name="test_admin_get_mrs" time="0.501" /><testcase classname="tests.test_mr_phase2.TestAdminRegressionMRModule" name="test_admin_get_visual_aids" time="0.130" /><testcase classname="tests.test_mr_phase2.TestAdminRegressionMRModule" name="test_admin_mr_reports" time="0.247" /></testsuite></testsuites>