<?xml version="1.0" encoding="utf-8"?><testsuites name="pytest tests"><testsuite name="pytest" errors="0" failures="2" skipped="0" tests="16" time="10.153" timestamp="2026-02-17T18:01:55.550967+00:00" hostname="agent-env-6ee2991b-adc1-4bfb-94ce-109bd851a6c9"><testcase classname="backend.tests.test_address_features.TestLocationAPIs" name="test_01_get_states_returns_list" time="0.341" /><testcase classname="backend.tests.test_address_features.TestLocationAPIs" name="test_02_get_districts_for_valid_state" time="0.215" /><testcase classname="backend.tests.test_address_features.TestLocationAPIs" name="test_03_get_districts_for_another_state" time="0.214" /><testcase classname="backend.tests.test_address_features.TestLocationAPIs" name="test_04_get_districts_for_invalid_state" time="0.215" /><testcase classname="backend.tests.test_address_features.TestDoctorAddressFields" name="test_05_create_doctor_with_full_address" time="0.871" /><testcase classname="backend.tests.test_address_features.TestDoctorAddressFields" name="test_06_get_doctor_returns_all_address_fields" time="0.672" /><testcase classname="backend.tests.test_address_features.TestDoctorAddressFields" name="test_07_update_doctor_address_fields" time="0.749" /><testcase classname="backend.tests.test_address_features.TestDoctorAddressFields" name="test_08_cleanup_test_doctor" time="0.645" /><testcase classname="backend.tests.test_address_features.TestMedicalAddressFields" name="test_09_create_medical_with_full_address" time="0.582" /><testcase classname="backend.tests.test_address_features.TestMedicalAddressFields" name="test_10_cleanup_test_medical" time="0.947" /><testcase classname="backend.tests.test_address_features.TestAgencyAddressFields" name="test_11_create_agency_with_full_address" time="0.531"><failure message="AssertionError: assert None == 'Agency Complex, Block A'">backend/tests/test_address_features.py:272: in test_11_create_agency_with_full_address
    assert data["address_line_1"] == "Agency Complex, Block A"
E   AssertionError: assert None == 'Agency Complex, Block A'</failure></testcase><testcase classname="backend.tests.test_address_features.TestAgencyAddressFields" name="test_12_cleanup_test_agency" time="0.985" /><testcase classname="backend.tests.test_address_features.TestOrderAutoFillFromCustomer" name="test_13_create_doctor_with_delivery_preferences" time="0.703" /><testcase classname="backend.tests.test_address_features.TestOrderAutoFillFromCustomer" name="test_14_create_order_for_doctor" time="0.838"><failure message="AssertionError: Failed to create order: {&quot;detail&quot;:[{&quot;type&quot;:&quot;missing&quot;,&quot;loc&quot;:[&quot;body&quot;,&quot;customer_name&quot;],&quot;msg&quot;:&quot;Field required&quot;,&quot;input&quot;:{&quot;doctor_id&quot;:&quot;85d4c77d-469a-4b88-a6ba-a34c572736a2&quot;,&quot;items&quot;:[{&quot;item_id&quot;:&quot;5f2ded6c-b7ed-4b82-8878-d1e22d004cc9&quot;,&quot;quantity&quot;:5}],&quot;notes&quot;:&quot;Test order for auto-fill verification&quot;},&quot;url&quot;:&quot;https://errors.pydantic.dev/2.12/v/missing&quot;},{&quot;type&quot;:&quot;missing&quot;,&quot;loc&quot;:[&quot;body&quot;,&quot;customer_phone&quot;],&quot;msg&quot;:&quot;Field required&quot;,&quot;input&quot;:{&quot;doctor_id&quot;:&quot;85d4c77d-469a-4b88-a6ba-a34c572736a2&quot;,&quot;items&quot;:[{&quot;item_id&quot;:&quot;5f2ded6c-b7ed-4b82-8878-d1e22d004cc9&quot;,&quot;quantity&quot;:5}],&quot;notes&quot;:&quot;Test order for auto-fill verification&quot;},&quot;url&quot;:&quot;https://errors.pydantic.dev/2.12/v/missing&quot;},{&quot;type&quot;:&quot;missing&quot;,&quot;loc&quot;:[&quot;body&quot;,&quot;items&quot;,0,&quot;item_code&quot;],&quot;msg&quot;:&quot;Field required&quot;,&quot;input&quot;:{&quot;item_id&quot;:&quot;5f2ded6c-b7ed-4b82-8878-d1e22d004cc9&quot;,&quot;quantity&quot;:5},&quot;url&quot;:&quot;https://errors.pydantic.dev/2.12/v/missing&quot;},{&quot;type&quot;:&quot;missing&quot;,&quot;loc&quot;:[&quot;body&quot;,&quot;items&quot;,0,&quot;item_name&quot;],&quot;msg&quot;:&quot;Field required&quot;,&quot;input&quot;:{&quot;item_id&quot;:&quot;5f2ded6c-b7ed-4b82-8878-d1e22d004cc9&quot;,&quot;quantity&quot;:5},&quot;url&quot;:&quot;https://errors.pydantic.dev/2.12/v/missing&quot;},{&quot;type&quot;:&quot;string_type&quot;,&quot;loc&quot;:[&quot;body&quot;,&quot;items&quot;,0,&quot;quantity&quot;],&quot;msg&quot;:&quot;Input should be a valid string&quot;,&quot;input&quot;:5,&quot;url&quot;:&quot;https://errors.pydantic.dev/2.12/v/string_type&quot;},{&quot;type&quot;:&quot;missing&quot;,&quot;loc&quot;:[&quot;body&quot;,&quot;items&quot;,0,&quot;mrp&quot;],&quot;msg&quot;:&quot;Field required&quot;,&quot;input&quot;:{&quot;item_id&quot;:&quot;5f2ded6c-b7ed-4b82-8878-d1e22d004cc9&quot;,&quot;quantity&quot;:5},&quot;url&quot;:&quot;https://errors.pydantic.dev/2.12/v/missing&quot;},{&quot;type&quot;:&quot;missing&quot;,&quot;loc&quot;:[&quot;body&quot;,&quot;items&quot;,0,&quot;rate&quot;],&quot;msg&quot;:&quot;Field required&quot;,&quot;input&quot;:{&quot;item_id&quot;:&quot;5f2ded6c-b7ed-4b82-8878-d1e22d004cc9&quot;,&quot;quantity&quot;:5},&quot;url&quot;:&quot;https://errors.pydantic.dev/2.12/v/missing&quot;}]}&#10;assert 422 == 200&#10; +  where 422 = &lt;Response [422]&gt;.status_code">backend/tests/test_address_features.py:361: in test_14_create_order_for_doctor
    assert response.status_code == 200, f"Failed to create order: {response.text}"
E   AssertionError: Failed to create order: {"detail":[{"type":"missing","loc":["body","customer_name"],"msg":"Field required","input":{"doctor_id":"85d4c77d-469a-4b88-a6ba-a34c572736a2","items":[{"item_id":"5f2ded6c-b7ed-4b82-8878-d1e22d004cc9","quantity":5}],"notes":"Test order for auto-fill verification"},"url":"https://errors.pydantic.dev/2.12/v/missing"},{"type":"missing","loc":["body","customer_phone"],"msg":"Field required","input":{"doctor_id":"85d4c77d-469a-4b88-a6ba-a34c572736a2","items":[{"item_id":"5f2ded6c-b7ed-4b82-8878-d1e22d004cc9","quantity":5}],"notes":"Test order for auto-fill verification"},"url":"https://errors.pydantic.dev/2.12/v/missing"},{"type":"missing","loc":["body","items",0,"item_code"],"msg":"Field required","input":{"item_id":"5f2ded6c-b7ed-4b82-8878-d1e22d004cc9","quantity":5},"url":"https://errors.pydantic.dev/2.12/v/missing"},{"type":"missing","loc":["body","items",0,"item_name"],"msg":"Field required","input":{"item_id":"5f2ded6c-b7ed-4b82-8878-d1e22d004cc9","quantity":5},"url":"https://errors.pydantic.dev/2.12/v/missing"},{"type":"string_type","loc":["body","items",0,"quantity"],"msg":"Input should be a valid string","input":5,"url":"https://errors.pydantic.dev/2.12/v/string_type"},{"type":"missing","loc":["body","items",0,"mrp"],"msg":"Field required","input":{"item_id":"5f2ded6c-b7ed-4b82-8878-d1e22d004cc9","quantity":5},"url":"https://errors.pydantic.dev/2.12/v/missing"},{"type":"missing","loc":["body","items",0,"rate"],"msg":"Field required","input":{"item_id":"5f2ded6c-b7ed-4b82-8878-d1e22d004cc9","quantity":5},"url":"https://errors.pydantic.dev/2.12/v/missing"}]}
E   assert 422 == 200
E    +  where 422 = &lt;Response [422]&gt;.status_code</failure></testcase><testcase classname="backend.tests.test_address_features.TestOrderAutoFillFromCustomer" name="test_15_verify_customer_has_delivery_preferences" time="0.645" /><testcase classname="backend.tests.test_address_features.TestOrderAutoFillFromCustomer" name="test_16_cleanup_order_and_doctor" time="0.785" /></testsuite></testsuites>