<?xml version="1.0" encoding="utf-8"?><testsuites name="pytest tests"><testsuite name="pytest" errors="0" failures="0" skipped="0" tests="15" time="2.749" timestamp="2026-03-26T02:48:48.182266+00:00" hostname="agent-env-31d24bf8-6509-4961-8e2f-1c20ad109a08"><testcase classname="tests.test_mr_offline_mode.TestMRLogin" name="test_mr_login_success" time="0.357" /><testcase classname="tests.test_mr_offline_mode.TestMRLogin" name="test_mr_login_invalid_credentials" time="0.105" /><testcase classname="tests.test_mr_offline_mode.TestMRDashboard" name="test_get_dashboard" time="0.453" /><testcase classname="tests.test_mr_offline_mode.TestMRCustomers" name="test_get_customers" time="0.125" /><testcase classname="tests.test_mr_offline_mode.TestMRCustomers" name="test_get_customers_with_search" time="0.124" /><testcase classname="tests.test_mr_offline_mode.TestMRCustomers" name="test_get_customers_by_type" time="0.332" /><testcase classname="tests.test_mr_offline_mode.TestMRItems" name="test_get_items" time="0.112" /><testcase classname="tests.test_mr_offline_mode.TestMRItems" name="test_get_items_with_search" time="0.112" /><testcase classname="tests.test_mr_offline_mode.TestMROrders" name="test_get_orders" time="0.136" /><testcase classname="tests.test_mr_offline_mode.TestMRVisits" name="test_get_visits" time="0.148" /><testcase classname="tests.test_mr_offline_mode.TestMRFollowups" name="test_get_followups_today" time="0.116" /><testcase classname="tests.test_mr_offline_mode.TestMRFollowups" name="test_get_followups_overdue" time="0.118" /><testcase classname="tests.test_mr_offline_mode.TestMRFollowups" name="test_get_followups_upcoming" time="0.128" /><testcase classname="tests.test_mr_offline_mode.TestServiceWorkerFile" name="test_mr_sw_accessible" time="0.148" /><testcase classname="tests.test_mr_offline_mode.TestMRProfile" name="test_get_profile" time="0.176" /></testsuite></testsuites>