<?xml version="1.0" encoding="utf-8"?><testsuites name="pytest tests"><testsuite name="pytest" errors="0" failures="0" skipped="0" tests="21" time="3.416" timestamp="2026-02-04T01:43:58.505015+00:00" hostname="agent-env-4bf870f0-70f5-48f4-a82c-b4a5ecd2d880"><testcase classname="backend.tests.test_expenses.TestAuth" name="test_login_success" time="0.336" /><testcase classname="backend.tests.test_expenses.TestExpenseCategories" name="test_get_default_categories" time="0.338" /><testcase classname="backend.tests.test_expenses.TestExpenseCategories" name="test_create_custom_category" time="0.042" /><testcase classname="backend.tests.test_expenses.TestExpenseCategories" name="test_delete_custom_category" time="0.125" /><testcase classname="backend.tests.test_expenses.TestExpenseCategories" name="test_cannot_delete_default_category" time="0.072" /><testcase classname="backend.tests.test_expenses.TestExpensesCRUD" name="test_create_expense_with_all_fields" time="0.340" /><testcase classname="backend.tests.test_expenses.TestExpensesCRUD" name="test_create_expense_card_payment" time="0.039" /><testcase classname="backend.tests.test_expenses.TestExpensesCRUD" name="test_create_expense_upi_payment" time="0.042" /><testcase classname="backend.tests.test_expenses.TestExpensesCRUD" name="test_create_expense_net_banking" time="0.040" /><testcase classname="backend.tests.test_expenses.TestExpensesCRUD" name="test_list_expenses" time="0.037" /><testcase classname="backend.tests.test_expenses.TestExpensesCRUD" name="test_list_expenses_filter_by_date_range" time="0.038" /><testcase classname="backend.tests.test_expenses.TestExpensesCRUD" name="test_list_expenses_filter_by_category" time="0.043" /><testcase classname="backend.tests.test_expenses.TestExpensesCRUD" name="test_list_expenses_filter_by_payment_type" time="0.038" /><testcase classname="backend.tests.test_expenses.TestExpensesCRUD" name="test_list_expenses_filter_by_payment_account" time="0.039" /><testcase classname="backend.tests.test_expenses.TestExpensesCRUD" name="test_update_expense" time="0.079" /><testcase classname="backend.tests.test_expenses.TestExpensesCRUD" name="test_delete_expense" time="0.112" /><testcase classname="backend.tests.test_expenses.TestExpenseStats" name="test_get_monthly_stats" time="0.296" /><testcase classname="backend.tests.test_expenses.TestExpenseStats" name="test_stats_by_category_breakdown" time="0.037" /><testcase classname="backend.tests.test_expenses.TestDashboardExpenseSummary" name="test_dashboard_stats_endpoint" time="0.495" /><testcase classname="backend.tests.test_expenses.TestCleanup" name="test_cleanup_test_expenses" time="0.543" /><testcase classname="backend.tests.test_expenses.TestCleanup" name="test_cleanup_test_categories" time="0.077" /></testsuite></testsuites>