<?xml version="1.0" encoding="utf-8"?><testsuites name="pytest tests"><testsuite name="pytest" errors="0" failures="0" skipped="0" tests="23" time="14.370" timestamp="2026-03-16T16:17:33.403915+00:00" hostname="agent-env-6c7024b4-69ed-43e3-9eed-5115fbe6ff91"><testcase classname="backend.tests.test_mr_orders_v2.TestMRLogin" name="test_mr_login_success" time="0.508" /><testcase classname="backend.tests.test_mr_orders_v2.TestMRLogin" name="test_mr_login_invalid_password" time="0.352" /><testcase classname="backend.tests.test_mr_orders_v2.TestMRLogin" name="test_mr_login_invalid_phone" time="0.217" /><testcase classname="backend.tests.test_mr_orders_v2.TestMRLogin" name="test_mr_login_missing_credentials" time="0.152" /><testcase classname="backend.tests.test_mr_orders_v2.TestMRDashboard" name="test_mr_dashboard_success" time="0.583" /><testcase classname="backend.tests.test_mr_orders_v2.TestMRDashboard" name="test_mr_dashboard_unauthorized" time="0.475" /><testcase classname="backend.tests.test_mr_orders_v2.TestMRCustomers" name="test_mr_customers_success" time="0.473" /><testcase classname="backend.tests.test_mr_orders_v2.TestMRCustomers" name="test_mr_customers_search" time="0.562" /><testcase classname="backend.tests.test_mr_orders_v2.TestMRCustomers" name="test_mr_customers_unauthorized" time="0.514" /><testcase classname="backend.tests.test_mr_orders_v2.TestMRItems" name="test_mr_items_success" time="0.573" /><testcase classname="backend.tests.test_mr_orders_v2.TestMRItems" name="test_mr_items_search_vitamin" time="0.513" /><testcase classname="backend.tests.test_mr_orders_v2.TestMRItems" name="test_mr_items_search_amox" time="0.542" /><testcase classname="backend.tests.test_mr_orders_v2.TestMRItems" name="test_mr_items_unauthorized" time="0.502" /><testcase classname="backend.tests.test_mr_orders_v2.TestMROrders" name="test_mr_orders_list_success" time="0.490" /><testcase classname="backend.tests.test_mr_orders_v2.TestMROrders" name="test_mr_orders_create_success" time="3.932" /><testcase classname="backend.tests.test_mr_orders_v2.TestMROrders" name="test_mr_orders_create_no_items_fails" time="0.524" /><testcase classname="backend.tests.test_mr_orders_v2.TestMROrders" name="test_mr_orders_create_no_customer_fails" time="0.715" /><testcase classname="backend.tests.test_mr_orders_v2.TestMROrders" name="test_mr_orders_unauthorized" time="0.470" /><testcase classname="backend.tests.test_mr_orders_v2.TestMRCancelRequest" name="test_mr_cancel_request_success" time="0.896" /><testcase classname="backend.tests.test_mr_orders_v2.TestMRCancelRequest" name="test_mr_cancel_request_invalid_order" time="0.472" /><testcase classname="backend.tests.test_mr_orders_v2.TestPWAAssets" name="test_mr_manifest_accessible" time="0.136" /><testcase classname="backend.tests.test_mr_orders_v2.TestPWAAssets" name="test_mr_service_worker_accessible" time="0.121" /><testcase classname="backend.tests.test_mr_orders_v2.TestAdminMROrdersVisibility" name="test_admin_orders_shows_mr_source" time="0.507" /></testsuite></testsuites>