<?xml version="1.0" encoding="utf-8"?><testsuites name="pytest tests"><testsuite name="pytest" errors="0" failures="1" skipped="0" tests="10" time="8.040" timestamp="2026-04-05T18:17:30.489749+00:00" hostname="agent-env-59cb9634-ba81-4692-84ca-d8b91f996093"><testcase classname="tests.test_new_whatsapp_features.TestNewWhatsAppFeatures" name="test_health_check" time="0.556" /><testcase classname="tests.test_new_whatsapp_features.TestNewWhatsAppFeatures" name="test_auth_login" time="0.664" /><testcase classname="tests.test_new_whatsapp_features.TestNewWhatsAppFeatures" name="test_message_templates_include_new_templates" time="0.453" /><testcase classname="tests.test_new_whatsapp_features.TestNewWhatsAppFeatures" name="test_payment_reminder_endpoint_exists" time="0.435" /><testcase classname="tests.test_new_whatsapp_features.TestNewWhatsAppFeatures" name="test_payment_reminder_with_valid_data" time="1.286" /><testcase classname="tests.test_new_whatsapp_features.TestNewWhatsAppFeatures" name="test_orders_list" time="0.426" /><testcase classname="tests.test_new_whatsapp_features.TestNewWhatsAppFeatures" name="test_order_items_update_endpoint" time="0.521" /><testcase classname="tests.test_new_whatsapp_features.TestNewWhatsAppFeatures" name="test_order_items_update_triggers_notification" time="2.699"><failure message="AttributeError: 'str' object has no attribute 'get'">tests/test_new_whatsapp_features.py:231: in test_order_items_update_triggers_notification
    order_updated_log = next((l for l in logs if l.get('message_type') == 'order_updated'), None)
                        ^^^^^^^^^^^^^^^^^^^^^^^^^^^^^^^^^^^^^^^^^^^^^^^^^^^^^^^^^^^^^^^^^^^^^^^^^
tests/test_new_whatsapp_features.py:231: in &lt;genexpr&gt;
    order_updated_log = next((l for l in logs if l.get('message_type') == 'order_updated'), None)
                                                 ^^^^^
E   AttributeError: 'str' object has no attribute 'get'</failure></testcase><testcase classname="tests.test_new_whatsapp_features.TestNewWhatsAppFeatures" name="test_whatsapp_config_check" time="0.491" /><testcase classname="tests.test_new_whatsapp_features.TestPaymentReminderIntegration" name="test_outstanding_list_has_customer_phone" time="0.425" /></testsuite></testsuites>