<?xml version="1.0" encoding="utf-8"?><testsuites name="pytest tests"><testsuite name="pytest" errors="0" failures="0" skipped="0" tests="13" time="3.923" timestamp="2026-01-22T10:11:19.740910+00:00" hostname="agent-env-e8c8cdde-c1b1-476e-8a16-8db596ead0c0"><testcase classname="tests.test_transport_orders.TestTransportCRUD" name="test_create_transport_with_tracking_url" time="0.394" /><testcase classname="tests.test_transport_orders.TestTransportCRUD" name="test_create_local_transport" time="0.293" /><testcase classname="tests.test_transport_orders.TestTransportCRUD" name="test_list_transports" time="0.275" /><testcase classname="tests.test_transport_orders.TestTransportCRUD" name="test_delete_transport" time="0.378" /><testcase classname="tests.test_transport_orders.TestTransportCRUD" name="test_non_admin_cannot_create_transport" time="0.537" /><testcase classname="tests.test_transport_orders.TestOrderTransportUpdate" name="test_update_order_with_transport_details" time="0.306" /><testcase classname="tests.test_transport_orders.TestOrderTransportUpdate" name="test_update_order_status_only" time="0.301" /><testcase classname="tests.test_transport_orders.TestOrderTransportUpdate" name="test_update_nonexistent_order" time="0.322" /><testcase classname="tests.test_transport_orders.TestOrdersList" name="test_orders_list_contains_transport_fields" time="0.307" /><testcase classname="tests.test_transport_orders.TestOrdersList" name="test_orders_filter_by_status" time="0.282" /><testcase classname="tests.test_transport_orders.TestOrdersList" name="test_orders_contain_required_fields" time="0.272" /><testcase classname="tests.test_transport_orders.TestHealthCheck" name="test_api_health" time="0.043" /><testcase classname="tests.test_transport_orders.TestHealthCheck" name="test_api_root" time="0.033" /></testsuite></testsuites>