<?xml version="1.0" encoding="utf-8"?><testsuites name="pytest tests"><testsuite name="pytest" errors="0" failures="0" skipped="0" tests="16" time="8.705" timestamp="2026-02-17T18:04:19.476171+00:00" hostname="agent-env-6ee2991b-adc1-4bfb-94ce-109bd851a6c9"><testcase classname="backend.tests.test_address_features.TestLocationAPIs" name="test_01_get_states_returns_list" time="0.170" /><testcase classname="backend.tests.test_address_features.TestLocationAPIs" name="test_02_get_districts_for_valid_state" time="0.132" /><testcase classname="backend.tests.test_address_features.TestLocationAPIs" name="test_03_get_districts_for_another_state" time="0.123" /><testcase classname="backend.tests.test_address_features.TestLocationAPIs" name="test_04_get_districts_for_invalid_state" time="0.107" /><testcase classname="backend.tests.test_address_features.TestDoctorAddressFields" name="test_05_create_doctor_with_full_address" time="0.712" /><testcase classname="backend.tests.test_address_features.TestDoctorAddressFields" name="test_06_get_doctor_returns_all_address_fields" time="0.687" /><testcase classname="backend.tests.test_address_features.TestDoctorAddressFields" name="test_07_update_doctor_address_fields" time="0.749" /><testcase classname="backend.tests.test_address_features.TestDoctorAddressFields" name="test_08_cleanup_test_doctor" time="0.727" /><testcase classname="backend.tests.test_address_features.TestMedicalAddressFields" name="test_09_create_medical_with_full_address" time="0.501" /><testcase classname="backend.tests.test_address_features.TestMedicalAddressFields" name="test_10_cleanup_test_medical" time="0.615" /><testcase classname="backend.tests.test_address_features.TestAgencyAddressFields" name="test_11_create_agency_with_full_address" time="0.507" /><testcase classname="backend.tests.test_address_features.TestAgencyAddressFields" name="test_12_cleanup_test_agency" time="0.737" /><testcase classname="backend.tests.test_address_features.TestOrderAutoFillFromCustomer" name="test_13_create_doctor_with_delivery_preferences" time="0.766" /><testcase classname="backend.tests.test_address_features.TestOrderAutoFillFromCustomer" name="test_14_verify_order_api_gets_customer_preferences" time="0.816" /><testcase classname="backend.tests.test_address_features.TestOrderAutoFillFromCustomer" name="test_15_verify_customer_has_delivery_preferences" time="0.638" /><testcase classname="backend.tests.test_address_features.TestOrderAutoFillFromCustomer" name="test_16_cleanup_doctor" time="0.639" /></testsuite></testsuites>