<?xml version="1.0" encoding="utf-8"?><testsuites name="pytest tests"><testsuite name="pytest" errors="0" failures="0" skipped="0" tests="9" time="1.643" timestamp="2026-03-23T19:40:52.805203+00:00" hostname="agent-env-6c7024b4-69ed-43e3-9eed-5115fbe6ff91"><testcase classname="tests.test_offers_api.TestOffersActiveAPI" name="test_offers_active_returns_items_with_special_offer_2" time="0.303" /><testcase classname="tests.test_offers_api.TestOffersActiveAPI" name="test_offers_active_with_role_doctor" time="0.115" /><testcase classname="tests.test_offers_api.TestOffersActiveAPI" name="test_offers_active_with_role_medical" time="0.139" /><testcase classname="tests.test_offers_api.TestOffersActiveAPI" name="test_offers_response_includes_description" time="0.123" /><testcase classname="tests.test_offers_api.TestOffersActiveAPI" name="test_offers_response_includes_rate_and_mrp" time="0.173" /><testcase classname="tests.test_offers_api.TestOffersActiveAPI" name="test_vitamin_d3_not_in_offers" time="0.125" /><testcase classname="tests.test_offers_api.TestOffersActiveAPI" name="test_offers_response_includes_image_url" time="0.118" /><testcase classname="tests.test_offers_api.TestOffersRoleFiltering" name="test_doctor_and_medical_offers_are_different" time="0.261" /><testcase classname="tests.test_offers_api.TestOffersRoleFiltering" name="test_default_role_uses_doctor" time="0.227" /></testsuite></testsuites>