<?xml version="1.0" encoding="utf-8"?><testsuites name="pytest tests"><testsuite name="pytest" errors="0" failures="2" skipped="1" tests="19" time="19.861" timestamp="2026-02-27T18:05:00.049528+00:00" hostname="agent-env-fb81413e-ce05-442e-8fc8-dbeba9467f0f"><testcase classname="backend.tests.test_portal_features.TestDuplicateMobileCheck" name="test_duplicate_check_with_approved_portal_customer" time="0.897" /><testcase classname="backend.tests.test_portal_features.TestDuplicateMobileCheck" name="test_duplicate_check_with_doctor_phone" time="0.747" /><testcase classname="backend.tests.test_portal_features.TestDuplicateMobileCheck" name="test_duplicate_check_with_medical_phone" time="1.104" /><testcase classname="backend.tests.test_portal_features.TestDuplicateMobileCheck" name="test_duplicate_check_with_agency_phone" time="0.734"><failure message="AssertionError: assert ('agency' in 'invalid phone number' or 'already registered' in 'invalid phone number')&#10; +  where 'invalid phone number' = &lt;built-in method lower of str object at 0xfd69fb672ce0&gt;()&#10; +    where &lt;built-in method lower of str object at 0xfd69fb672ce0&gt; = 'Invalid phone number'.lower&#10; +      where 'Invalid phone number' = &lt;built-in method get of dict object at 0xfd69fb6bf880&gt;('detail', '')&#10; +        where &lt;built-in method get of dict object at 0xfd69fb6bf880&gt; = {'detail': 'Invalid phone number'}.get&#10; +  and   'invalid phone number' = &lt;built-in method lower of str object at 0xfd69fb672ce0&gt;()&#10; +    where &lt;built-in method lower of str object at 0xfd69fb672ce0&gt; = 'Invalid phone number'.lower&#10; +      where 'Invalid phone number' = &lt;built-in method get of dict object at 0xfd69fb6bf880&gt;('detail', '')&#10; +        where &lt;built-in method get of dict object at 0xfd69fb6bf880&gt; = {'detail': 'Invalid phone number'}.get">backend/tests/test_portal_features.py:120: in test_duplicate_check_with_agency_phone
    assert "agency" in response_data.get("detail", "").lower() or "already registered" in response_data.get("detail", "").lower()
E   AssertionError: assert ('agency' in 'invalid phone number' or 'already registered' in 'invalid phone number')
E    +  where 'invalid phone number' = &lt;built-in method lower of str object at 0xfd69fb672ce0&gt;()
E    +    where &lt;built-in method lower of str object at 0xfd69fb672ce0&gt; = 'Invalid phone number'.lower
E    +      where 'Invalid phone number' = &lt;built-in method get of dict object at 0xfd69fb6bf880&gt;('detail', '')
E    +        where &lt;built-in method get of dict object at 0xfd69fb6bf880&gt; = {'detail': 'Invalid phone number'}.get
E    +  and   'invalid phone number' = &lt;built-in method lower of str object at 0xfd69fb672ce0&gt;()
E    +    where &lt;built-in method lower of str object at 0xfd69fb672ce0&gt; = 'Invalid phone number'.lower
E    +      where 'Invalid phone number' = &lt;built-in method get of dict object at 0xfd69fb6bf880&gt;('detail', '')
E    +        where &lt;built-in method get of dict object at 0xfd69fb6bf880&gt; = {'detail': 'Invalid phone number'}.get</failure></testcase><testcase classname="backend.tests.test_portal_features.TestDuplicateMobileCheck" name="test_new_phone_can_register" time="1.853" /><testcase classname="backend.tests.test_portal_features.TestSendNewPassword" name="test_send_new_password_to_approved_customer" time="2.107" /><testcase classname="backend.tests.test_portal_features.TestSendNewPassword" name="test_send_new_password_to_doctor" time="2.224" /><testcase classname="backend.tests.test_portal_features.TestSendNewPassword" name="test_send_new_password_to_medical" time="3.710" /><testcase classname="backend.tests.test_portal_features.TestSendNewPassword" name="test_send_new_password_to_agency" time="0.903"><failure message="AssertionError: Expected 200 but got 400: {&quot;detail&quot;:&quot;Customer has no valid phone number&quot;}&#10;assert 400 == 200&#10; +  where 400 = &lt;Response [400]&gt;.status_code">backend/tests/test_portal_features.py:233: in test_send_new_password_to_agency
    assert response.status_code == 200, f"Expected 200 but got {response.status_code}: {response.text}"
E   AssertionError: Expected 200 but got 400: {"detail":"Customer has no valid phone number"}
E   assert 400 == 200
E    +  where 400 = &lt;Response [400]&gt;.status_code</failure></testcase><testcase classname="backend.tests.test_portal_features.TestSendNewPassword" name="test_send_new_password_invalid_id" time="0.497" /><testcase classname="backend.tests.test_portal_features.TestSendNewPassword" name="test_send_new_password_unauthorized" time="0.452" /><testcase classname="backend.tests.test_portal_features.TestPortalCustomerDetails" name="test_get_customers_returns_list" time="0.485" /><testcase classname="backend.tests.test_portal_features.TestPortalCustomerDetails" name="test_customer_has_full_details" time="0.468" /><testcase classname="backend.tests.test_portal_features.TestPortalCustomerDetails" name="test_filter_by_status" time="0.733" /><testcase classname="backend.tests.test_portal_features.TestPortalCustomerDetails" name="test_filter_by_role" time="0.774" /><testcase classname="backend.tests.test_portal_features.TestPortalCustomerDetails" name="test_customer_approval_updates_status" time="0.467"><skipped type="pytest.skip" message="No pending customers found to test approval">/app/backend/tests/test_portal_features.py:366: No pending customers found to test approval</skipped></testcase><testcase classname="backend.tests.test_portal_features.TestDoctorsMedicalsAgenciesListWithPortalFlag" name="test_doctors_list_has_portal_flag" time="0.501" /><testcase classname="backend.tests.test_portal_features.TestDoctorsMedicalsAgenciesListWithPortalFlag" name="test_medicals_list_has_portal_flag" time="0.486" /><testcase classname="backend.tests.test_portal_features.TestDoctorsMedicalsAgenciesListWithPortalFlag" name="test_agencies_list_has_portal_flag" time="0.493" /></testsuite></testsuites>