<?xml version="1.0" encoding="utf-8"?><testsuites name="pytest tests"><testsuite name="pytest" errors="0" failures="0" skipped="0" tests="10" time="23.622" timestamp="2026-03-28T06:59:59.319494+00:00" hostname="agent-env-59cb9634-ba81-4692-84ca-d8b91f996093"><testcase classname="backend.tests.test_whatsapp_direct_send.TestWhatsAppDirectSend" name="test_send_direct_text_message" time="2.902" /><testcase classname="backend.tests.test_whatsapp_direct_send.TestWhatsAppDirectSend" name="test_send_direct_image_message" time="6.360" /><testcase classname="backend.tests.test_whatsapp_direct_send.TestWhatsAppDirectSend" name="test_send_direct_pdf_message" time="6.222" /><testcase classname="backend.tests.test_whatsapp_direct_send.TestWhatsAppDirectSend" name="test_send_direct_product_message_valid_item" time="3.649" /><testcase classname="backend.tests.test_whatsapp_direct_send.TestWhatsAppDirectSend" name="test_send_direct_product_message_invalid_item" time="0.524" /><testcase classname="backend.tests.test_whatsapp_direct_send.TestWhatsAppDirectSend" name="test_send_direct_non_admin_forbidden" time="0.527" /><testcase classname="backend.tests.test_whatsapp_direct_send.TestWhatsAppDirectSend" name="test_send_direct_no_auth" time="0.545" /><testcase classname="backend.tests.test_whatsapp_direct_send.TestWhatsAppDirectSendModel" name="test_message_type_defaults_to_text" time="1.860" /><testcase classname="backend.tests.test_whatsapp_direct_send.TestWhatsAppDirectSendModel" name="test_required_fields_phone_and_message" time="0.544" /><testcase classname="backend.tests.test_whatsapp_direct_send.TestItemsAPIForProductSelection" name="test_get_items_list" time="0.428" /></testsuite></testsuites>