<?xml version="1.0" encoding="utf-8"?><testsuites name="pytest tests"><testsuite name="pytest" errors="0" failures="0" skipped="0" tests="20" time="6.401" timestamp="2026-02-04T17:41:45.996668+00:00" hostname="agent-env-526127b6-4cf3-4e0f-89e0-eba248c8f437"><testcase classname="backend.tests.test_reminders.TestRemindersAPI" name="test_get_today_reminders_returns_200" time="0.326" /><testcase classname="backend.tests.test_reminders.TestRemindersAPI" name="test_today_reminders_structure" time="0.279" /><testcase classname="backend.tests.test_reminders.TestRemindersAPI" name="test_create_reminder_follow_up" time="0.294" /><testcase classname="backend.tests.test_reminders.TestRemindersAPI" name="test_create_reminder_birthday" time="0.288" /><testcase classname="backend.tests.test_reminders.TestRemindersAPI" name="test_create_reminder_anniversary" time="0.329" /><testcase classname="backend.tests.test_reminders.TestRemindersAPI" name="test_create_reminder_custom" time="0.321" /><testcase classname="backend.tests.test_reminders.TestRemindersAPI" name="test_create_reminder_with_entity" time="0.278" /><testcase classname="backend.tests.test_reminders.TestRemindersAPI" name="test_get_all_reminders" time="0.313" /><testcase classname="backend.tests.test_reminders.TestRemindersAPI" name="test_get_reminders_filter_incomplete" time="0.287" /><testcase classname="backend.tests.test_reminders.TestRemindersAPI" name="test_get_reminders_filter_by_type" time="0.331" /><testcase classname="backend.tests.test_reminders.TestRemindersAPI" name="test_mark_reminder_complete" time="0.351" /><testcase classname="backend.tests.test_reminders.TestRemindersAPI" name="test_mark_nonexistent_reminder_complete" time="0.270" /><testcase classname="backend.tests.test_reminders.TestRemindersAPI" name="test_delete_reminder" time="0.389" /><testcase classname="backend.tests.test_reminders.TestRemindersAPI" name="test_delete_nonexistent_reminder" time="0.287" /><testcase classname="backend.tests.test_reminders.TestRemindersAPI" name="test_update_reminder" time="0.333" /><testcase classname="backend.tests.test_reminders.TestRemindersAPI" name="test_today_reminders_includes_manual" time="0.309" /><testcase classname="backend.tests.test_reminders.TestRemindersAPI" name="test_whatsapp_summary_endpoint_exists" time="0.278" /><testcase classname="backend.tests.test_reminders.TestRemindersIntegration" name="test_reminder_with_doctor_entity" time="0.356" /><testcase classname="backend.tests.test_reminders.TestRemindersIntegration" name="test_reminder_with_medical_entity" time="0.343" /><testcase classname="backend.tests.test_reminders.TestRemindersIntegration" name="test_reminder_with_agency_entity" time="0.294" /></testsuite></testsuites>