<?xml version="1.0" encoding="utf-8"?><testsuites name="pytest tests"><testsuite name="pytest" errors="0" failures="0" skipped="0" tests="7" time="1.242" timestamp="2026-03-23T19:27:42.033512+00:00" hostname="agent-env-6c7024b4-69ed-43e3-9eed-5115fbe6ff91"><testcase classname="backend.tests.test_offers_api.TestOffersAPI" name="test_get_active_offers_no_role" time="0.189" /><testcase classname="backend.tests.test_offers_api.TestOffersAPI" name="test_get_doctor_offers" time="0.171" /><testcase classname="backend.tests.test_offers_api.TestOffersAPI" name="test_get_medical_offers" time="0.114" /><testcase classname="backend.tests.test_offers_api.TestOffersAPI" name="test_get_agency_offers" time="0.207" /><testcase classname="backend.tests.test_offers_api.TestOffersAPI" name="test_offers_have_offer_or_special_offer" time="0.128" /><testcase classname="backend.tests.test_offers_api.TestOffersAPI" name="test_role_specific_rates_differ" time="0.251" /><testcase classname="backend.tests.test_offers_api.TestOffersAPI" name="test_expected_items_present" time="0.116" /></testsuite></testsuites>