<?xml version="1.0" encoding="utf-8"?><testsuites name="pytest tests"><testsuite name="pytest" errors="0" failures="1" skipped="0" tests="24" time="3.761" timestamp="2026-03-12T15:40:11.511730+00:00" hostname="agent-env-38df5d66-4481-4ce9-993b-cb35a470350b"><testcase classname="tests.test_payment_ledger.TestPaymentsAPI" name="test_01_get_doctors_for_payment_test" time="0.533" /><testcase classname="tests.test_payment_ledger.TestPaymentsAPI" name="test_02_create_payment" time="0.123" /><testcase classname="tests.test_payment_ledger.TestPaymentsAPI" name="test_03_get_all_payments" time="0.124" /><testcase classname="tests.test_payment_ledger.TestPaymentsAPI" name="test_04_get_payments_filtered_by_customer_type" time="0.164" /><testcase classname="tests.test_payment_ledger.TestPaymentsAPI" name="test_05_get_payments_filtered_by_date_range" time="0.155" /><testcase classname="tests.test_payment_ledger.TestOutstandingAPI" name="test_01_get_all_outstanding" time="0.182" /><testcase classname="tests.test_payment_ledger.TestOutstandingAPI" name="test_02_get_outstanding_filtered_by_doctor" time="0.185" /><testcase classname="tests.test_payment_ledger.TestOutstandingAPI" name="test_03_get_outstanding_filtered_by_medical" time="0.174" /><testcase classname="tests.test_payment_ledger.TestOutstandingAPI" name="test_04_get_outstanding_filtered_by_agency" time="0.127" /><testcase classname="tests.test_payment_ledger.TestLedgerAPI" name="test_01_get_doctor_for_ledger" time="0.106" /><testcase classname="tests.test_payment_ledger.TestLedgerAPI" name="test_02_get_ledger_for_doctor" time="0.121" /><testcase classname="tests.test_payment_ledger.TestLedgerAPI" name="test_03_get_ledger_with_date_filter" time="0.116" /><testcase classname="tests.test_payment_ledger.TestLedgerAPI" name="test_04_get_ledger_invalid_customer_type" time="0.110" /><testcase classname="tests.test_payment_ledger.TestLedgerAPI" name="test_05_get_ledger_non_existent_customer" time="0.116" /><testcase classname="tests.test_payment_ledger.TestLedgerPDFExport" name="test_01_get_customer_for_pdf" time="0.111" /><testcase classname="tests.test_payment_ledger.TestLedgerPDFExport" name="test_02_export_ledger_pdf" time="0.116" /><testcase classname="tests.test_payment_ledger.TestLedgerPDFExport" name="test_03_export_ledger_pdf_with_date_range" time="0.113" /><testcase classname="tests.test_payment_ledger.TestOpeningBalanceInEntities" name="test_01_doctor_has_opening_balance_field" time="0.149" /><testcase classname="tests.test_payment_ledger.TestOpeningBalanceInEntities" name="test_02_create_doctor_with_opening_balance" time="0.113"><failure message="assert 500 == 200&#10; +  where 500 = &lt;Response [500]&gt;.status_code">tests/test_payment_ledger.py:290: in test_02_create_doctor_with_opening_balance
    assert response.status_code == 200
E   assert 500 == 200
E    +  where 500 = &lt;Response [500]&gt;.status_code</failure></testcase><testcase classname="tests.test_payment_ledger.TestOpeningBalanceInEntities" name="test_03_medical_has_opening_balance_field" time="0.112" /><testcase classname="tests.test_payment_ledger.TestOpeningBalanceInEntities" name="test_04_agency_has_opening_balance_field" time="0.114" /><testcase classname="tests.test_payment_ledger.TestDeletePayment" name="test_01_delete_test_payment" time="0.116" /><testcase classname="tests.test_payment_ledger.TestDeletePayment" name="test_02_delete_non_existent_payment" time="0.147" /><testcase classname="tests.test_payment_ledger.TestCustomerPortalLedger" name="test_01_customer_ledger_requires_auth" time="0.109" /></testsuite></testsuites>