<?xml version="1.0" encoding="utf-8"?><testsuites name="pytest tests"><testsuite name="pytest" errors="0" failures="0" skipped="2" tests="16" time="4.683" timestamp="2026-03-24T02:54:16.432133+00:00" hostname="agent-env-e93c7651-42a4-4aab-b247-9d4765194254"><testcase classname="backend.tests.test_push_notifications.TestPushNotificationAPIs" name="test_get_vapid_key_returns_public_key" time="0.138" /><testcase classname="backend.tests.test_push_notifications.TestPushNotificationAPIs" name="test_push_subscribe_requires_auth" time="0.101" /><testcase classname="backend.tests.test_push_notifications.TestPushNotificationAPIs" name="test_push_subscribe_success" time="0.434" /><testcase classname="backend.tests.test_push_notifications.TestPushNotificationAPIs" name="test_push_subscribe_invalid_subscription" time="0.418" /><testcase classname="backend.tests.test_push_notifications.TestPushNotificationAPIs" name="test_push_unsubscribe_requires_auth" time="0.108" /><testcase classname="backend.tests.test_push_notifications.TestPushNotificationAPIs" name="test_push_unsubscribe_success" time="0.555" /><testcase classname="backend.tests.test_push_notifications.TestPushNotificationAPIs" name="test_push_send_requires_auth" time="0.090" /><testcase classname="backend.tests.test_push_notifications.TestPushNotificationAPIs" name="test_push_send_requires_admin" time="0.097"><skipped type="pytest.skip" message="No customer token available for test">/app/backend/tests/test_push_notifications.py:171: No customer token available for test</skipped></testcase><testcase classname="backend.tests.test_push_notifications.TestPushNotificationAPIs" name="test_push_send_success" time="0.569" /><testcase classname="backend.tests.test_push_notifications.TestPushNotificationAPIs" name="test_push_send_to_customers" time="0.448" /><testcase classname="backend.tests.test_push_notifications.TestPushNotificationAPIs" name="test_push_send_to_mr" time="0.418" /><testcase classname="backend.tests.test_push_notifications.TestPushNotificationAPIs" name="test_push_subscriptions_requires_auth" time="0.102" /><testcase classname="backend.tests.test_push_notifications.TestPushNotificationAPIs" name="test_push_subscriptions_returns_stats" time="0.419" /><testcase classname="backend.tests.test_push_notifications.TestPushNotificationAPIs" name="test_customer_push_subscribe_requires_auth" time="0.099" /><testcase classname="backend.tests.test_push_notifications.TestPushNotificationAPIs" name="test_customer_push_subscribe_success" time="0.098"><skipped type="pytest.skip" message="No customer token available for test">/app/backend/tests/test_push_notifications.py:287: No customer token available for test</skipped></testcase><testcase classname="backend.tests.test_push_notifications.TestMarketingPushIntegration" name="test_marketing_campaign_accepts_send_push_field" time="0.525" /></testsuite></testsuites>