<?xml version="1.0" encoding="utf-8"?><testsuites name="pytest tests"><testsuite name="pytest" errors="0" failures="0" skipped="0" tests="11" time="4.282" timestamp="2026-02-12T21:25:02.615611+00:00" hostname="agent-env-940b21e7-bb62-43be-b529-b0dec54beb61"><testcase classname="backend.tests.test_bulk_delete.TestBulkDeleteAPI" name="test_01_create_test_doctors_for_bulk_delete" time="0.453" /><testcase classname="backend.tests.test_bulk_delete.TestBulkDeleteAPI" name="test_02_doctors_bulk_delete_endpoint_exists" time="0.305" /><testcase classname="backend.tests.test_bulk_delete.TestBulkDeleteAPI" name="test_03_doctors_bulk_delete_verifies_deletion" time="0.315" /><testcase classname="backend.tests.test_bulk_delete.TestBulkDeleteAPI" name="test_04_doctors_bulk_delete_empty_list" time="0.340" /><testcase classname="backend.tests.test_bulk_delete.TestBulkDeleteAPI" name="test_05_create_test_medicals_for_bulk_delete" time="0.393" /><testcase classname="backend.tests.test_bulk_delete.TestBulkDeleteAPI" name="test_06_medicals_bulk_delete_endpoint_works" time="0.307" /><testcase classname="backend.tests.test_bulk_delete.TestBulkDeleteAPI" name="test_07_medicals_bulk_delete_verifies_deletion" time="0.311" /><testcase classname="backend.tests.test_bulk_delete.TestBulkDeleteAPI" name="test_08_create_test_agencies_for_bulk_delete" time="0.429" /><testcase classname="backend.tests.test_bulk_delete.TestBulkDeleteAPI" name="test_09_agencies_bulk_delete_endpoint_works" time="0.305" /><testcase classname="backend.tests.test_bulk_delete.TestBulkDeleteAPI" name="test_10_agencies_bulk_delete_verifies_deletion" time="0.305" /><testcase classname="backend.tests.test_bulk_delete.TestBulkDeleteAPI" name="test_99_cleanup_remaining_test_data" time="0.637" /></testsuite></testsuites>