<?xml version="1.0" encoding="utf-8"?><testsuites name="pytest tests"><testsuite name="pytest" errors="0" failures="0" skipped="0" tests="7" time="4.526" timestamp="2026-04-06T09:33:29.601271+00:00" hostname="agent-env-59cb9634-ba81-4692-84ca-d8b91f996093"><testcase classname="tests.test_change_password.TestCustomerChangePassword" name="test_change_password_no_auth" time="0.235" /><testcase classname="tests.test_change_password.TestCustomerChangePassword" name="test_change_password_missing_fields" time="0.460" /><testcase classname="tests.test_change_password.TestCustomerChangePassword" name="test_change_password_short_new_password" time="0.403" /><testcase classname="tests.test_change_password.TestCustomerChangePassword" name="test_change_password_wrong_old_password" time="0.610" /><testcase classname="tests.test_change_password.TestCustomerChangePassword" name="test_change_password_success_and_revert" time="2.106" /><testcase classname="tests.test_change_password.TestCustomerLogin" name="test_customer_login_success" time="0.328" /><testcase classname="tests.test_change_password.TestCustomerLogin" name="test_customer_login_invalid_credentials" time="0.321" /></testsuite></testsuites>