<?xml version="1.0" encoding="utf-8"?><testsuites name="pytest tests"><testsuite name="pytest" errors="0" failures="0" skipped="0" tests="11" time="2.764" timestamp="2026-02-28T18:31:17.015026+00:00" hostname="agent-env-d1429093-0cbe-4347-b4a8-d889efb390f8"><testcase classname="backend.tests.test_customer_orders_feature.TestCustomerOrderFeature" name="test_customer_login" time="0.384" /><testcase classname="backend.tests.test_customer_orders_feature.TestCustomerOrderFeature" name="test_get_customer_items" time="0.112" /><testcase classname="backend.tests.test_customer_orders_feature.TestCustomerOrderFeature" name="test_get_customer_orders_empty_or_existing" time="0.119" /><testcase classname="backend.tests.test_customer_orders_feature.TestCustomerOrderFeature" name="test_create_order_from_cart" time="0.124" /><testcase classname="backend.tests.test_customer_orders_feature.TestCustomerOrderFeature" name="test_verify_order_in_history" time="0.228" /><testcase classname="backend.tests.test_customer_orders_feature.TestCustomerOrderFeature" name="test_order_items_have_no_total_amount" time="0.111" /><testcase classname="backend.tests.test_customer_orders_feature.TestCustomerOrderFeature" name="test_empty_cart_rejected" time="0.107" /><testcase classname="backend.tests.test_customer_orders_feature.TestCustomerOrderFeature" name="test_order_without_auth_rejected" time="0.125" /><testcase classname="backend.tests.test_customer_orders_feature.TestCustomerOrderFeature" name="test_admin_can_see_customer_portal_orders" time="0.640" /><testcase classname="backend.tests.test_customer_orders_feature.TestCustomerOrderEdgeCases" name="test_order_with_quantity_text" time="0.547" /><testcase classname="backend.tests.test_customer_orders_feature.TestCustomerOrderEdgeCases" name="test_order_with_special_characters_in_notes" time="0.216" /></testsuite></testsuites>