<?xml version="1.0" encoding="utf-8"?><testsuites name="pytest tests"><testsuite name="pytest" errors="0" failures="0" skipped="0" tests="11" time="2.381" timestamp="2026-03-16T16:27:13.192104+00:00" hostname="agent-env-6c7024b4-69ed-43e3-9eed-5115fbe6ff91"><testcase classname="backend.tests.test_mr_phase3_reports.TestPWAPhase2" name="test_mr_manifest_accessible" time="0.254" /><testcase classname="backend.tests.test_mr_phase3_reports.TestPWAPhase2" name="test_service_worker_accessible" time="0.151" /><testcase classname="backend.tests.test_mr_phase3_reports.TestMRReportsPhase3" name="test_mr_reports_endpoint_exists" time="0.545" /><testcase classname="backend.tests.test_mr_phase3_reports.TestMRReportsPhase3" name="test_mr_reports_returns_required_fields" time="0.161" /><testcase classname="backend.tests.test_mr_phase3_reports.TestMRReportsPhase3" name="test_mr_reports_summary_structure" time="0.163" /><testcase classname="backend.tests.test_mr_phase3_reports.TestMRReportsPhase3" name="test_mr_reports_mr_stats_structure" time="0.143" /><testcase classname="backend.tests.test_mr_phase3_reports.TestMRReportsPhase3" name="test_mr_reports_visits_structure" time="0.170" /><testcase classname="backend.tests.test_mr_phase3_reports.TestMRReportsPhase3" name="test_mr_reports_orders_structure" time="0.147" /><testcase classname="backend.tests.test_mr_phase3_reports.TestMRReportsPhase3" name="test_mr_reports_filter_by_mr_id" time="0.271" /><testcase classname="backend.tests.test_mr_phase3_reports.TestMRReportsPhase3" name="test_mr_reports_filter_by_date_range" time="0.178" /><testcase classname="backend.tests.test_mr_phase3_reports.TestMRReportsPhase3" name="test_mr_reports_unauthorized_access" time="0.129" /></testsuite></testsuites>