<?xml version="1.0" encoding="utf-8"?><testsuites name="pytest tests"><testsuite name="pytest" errors="0" failures="0" skipped="0" tests="15" time="14.012" timestamp="2026-02-20T08:59:57.896298+00:00" hostname="agent-env-1c5719bb-4791-4282-875f-3adf7a9c2de3"><testcase classname="backend.tests.test_otp_fallback.TestAdminAuth" name="test_admin_login_success" time="0.444" /><testcase classname="backend.tests.test_otp_fallback.TestSendOTP" name="test_send_otp_success" time="1.394" /><testcase classname="backend.tests.test_otp_fallback.TestSendOTP" name="test_send_otp_invalid_phone" time="0.138" /><testcase classname="backend.tests.test_otp_fallback.TestSendOTP" name="test_send_otp_reset_password_nonexistent" time="0.109" /><testcase classname="backend.tests.test_otp_fallback.TestVerifyOTP" name="test_verify_otp_invalid" time="1.319" /><testcase classname="backend.tests.test_otp_fallback.TestVerifyOTP" name="test_verify_otp_no_stored_otp" time="0.166" /><testcase classname="backend.tests.test_otp_fallback.TestFallbackOTPCRUD" name="test_get_fallback_otps_unauthorized" time="0.110" /><testcase classname="backend.tests.test_otp_fallback.TestFallbackOTPCRUD" name="test_get_fallback_otps_authorized" time="0.502" /><testcase classname="backend.tests.test_otp_fallback.TestFallbackOTPCRUD" name="test_create_fallback_otp" time="0.490" /><testcase classname="backend.tests.test_otp_fallback.TestFallbackOTPCRUD" name="test_create_fallback_otp_invalid_format" time="0.623" /><testcase classname="backend.tests.test_otp_fallback.TestFallbackOTPCRUD" name="test_toggle_fallback_otp" time="0.623" /><testcase classname="backend.tests.test_otp_fallback.TestFallbackOTPCRUD" name="test_delete_fallback_otp" time="0.692" /><testcase classname="backend.tests.test_otp_fallback.TestFallbackOTPCRUD" name="test_delete_nonexistent_otp" time="0.507" /><testcase classname="backend.tests.test_otp_fallback.TestFallbackOTPVerification" name="test_verify_with_fallback_otp" time="6.301" /><testcase classname="backend.tests.test_otp_fallback.TestSeedDefaultOTPs" name="test_seed_default_otps" time="0.465" /></testsuite></testsuites>