<?xml version="1.0" encoding="utf-8"?><testsuites name="pytest tests"><testsuite name="pytest" errors="0" failures="0" skipped="0" tests="17" time="7.922" timestamp="2026-03-30T07:07:07.743472+00:00" hostname="agent-env-59cb9634-ba81-4692-84ca-d8b91f996093"><testcase classname="backend.tests.test_analytics_reports.TestAnalyticsReports" name="test_reports_default_period" time="0.586" /><testcase classname="backend.tests.test_analytics_reports.TestAnalyticsReports" name="test_reports_1month_period" time="0.453" /><testcase classname="backend.tests.test_analytics_reports.TestAnalyticsReports" name="test_reports_3months_period" time="0.431" /><testcase classname="backend.tests.test_analytics_reports.TestAnalyticsReports" name="test_reports_1year_period" time="0.435" /><testcase classname="backend.tests.test_analytics_reports.TestAnalyticsReports" name="test_reports_orders_over_time" time="0.438" /><testcase classname="backend.tests.test_analytics_reports.TestAnalyticsReports" name="test_reports_order_status_distribution" time="0.441" /><testcase classname="backend.tests.test_analytics_reports.TestAnalyticsReports" name="test_reports_top_products" time="0.445" /><testcase classname="backend.tests.test_analytics_reports.TestAnalyticsReports" name="test_reports_slow_movers" time="0.447" /><testcase classname="backend.tests.test_analytics_reports.TestAnalyticsReports" name="test_reports_top_doctors" time="0.451" /><testcase classname="backend.tests.test_analytics_reports.TestAnalyticsReports" name="test_reports_top_medicals" time="0.440" /><testcase classname="backend.tests.test_analytics_reports.TestAnalyticsReports" name="test_reports_top_agencies" time="0.446" /><testcase classname="backend.tests.test_analytics_reports.TestAnalyticsReports" name="test_reports_frequent_orderers" time="0.467" /><testcase classname="backend.tests.test_analytics_reports.TestAnalyticsReports" name="test_reports_dormant_customers" time="0.602" /><testcase classname="backend.tests.test_analytics_reports.TestAnalyticsReports" name="test_reports_orders_by_day_of_week" time="0.434" /><testcase classname="backend.tests.test_analytics_reports.TestAnalyticsReports" name="test_reports_payment_modes" time="0.450" /><testcase classname="backend.tests.test_analytics_reports.TestAnalyticsReports" name="test_reports_unauthorized" time="0.434" /><testcase classname="backend.tests.test_analytics_reports.TestAnalyticsReports" name="test_reports_non_admin" time="0.441" /></testsuite></testsuites>