<?xml version="1.0" encoding="utf-8"?><testsuites name="pytest tests"><testsuite name="pytest" errors="0" failures="0" skipped="0" tests="24" time="2.482" timestamp="2026-04-10T08:59:01.249255+00:00" hostname="agent-env-59cb9634-ba81-4692-84ca-d8b91f996093"><testcase classname="backend.tests.test_stock_inventory" name="test_01_get_suppliers_requires_auth" time="0.558" /><testcase classname="backend.tests.test_stock_inventory" name="test_02_get_suppliers_with_auth" time="0.049" /><testcase classname="backend.tests.test_stock_inventory" name="test_03_create_supplier" time="0.097" /><testcase classname="backend.tests.test_stock_inventory" name="test_04_create_supplier_requires_name" time="0.054" /><testcase classname="backend.tests.test_stock_inventory" name="test_05_update_supplier" time="0.143" /><testcase classname="backend.tests.test_stock_inventory" name="test_06_update_nonexistent_supplier" time="0.046" /><testcase classname="backend.tests.test_stock_inventory" name="test_10_get_opening_balances" time="0.047" /><testcase classname="backend.tests.test_stock_inventory" name="test_11_set_opening_balance" time="0.145" /><testcase classname="backend.tests.test_stock_inventory" name="test_12_set_opening_balance_requires_item_id" time="0.043" /><testcase classname="backend.tests.test_stock_inventory" name="test_13_set_opening_balance_bulk" time="0.047" /><testcase classname="backend.tests.test_stock_inventory" name="test_20_get_purchases" time="0.047" /><testcase classname="backend.tests.test_stock_inventory" name="test_21_create_purchase" time="0.146" /><testcase classname="backend.tests.test_stock_inventory" name="test_22_create_purchase_requires_supplier" time="0.045" /><testcase classname="backend.tests.test_stock_inventory" name="test_23_create_purchase_requires_items" time="0.095" /><testcase classname="backend.tests.test_stock_inventory" name="test_30_create_purchase_return" time="0.092" /><testcase classname="backend.tests.test_stock_inventory" name="test_40_create_sales_return" time="0.046" /><testcase classname="backend.tests.test_stock_inventory" name="test_41_sales_return_requires_items" time="0.045" /><testcase classname="backend.tests.test_stock_inventory" name="test_50_get_stock_status" time="0.047" /><testcase classname="backend.tests.test_stock_inventory" name="test_51_get_stock_status_for_specific_item" time="0.048" /><testcase classname="backend.tests.test_stock_inventory" name="test_60_get_item_ledger" time="0.047" /><testcase classname="backend.tests.test_stock_inventory" name="test_70_get_user_ledger_by_name" time="0.046" /><testcase classname="backend.tests.test_stock_inventory" name="test_71_get_user_ledger_by_phone" time="0.046" /><testcase classname="backend.tests.test_stock_inventory" name="test_80_get_stock_availability" time="0.046" /><testcase classname="backend.tests.test_stock_inventory" name="test_90_delete_supplier_without_purchases" time="0.371" /></testsuite></testsuites>