<?xml version="1.0" encoding="utf-8"?><testsuites name="pytest tests"><testsuite name="pytest" errors="0" failures="0" skipped="0" tests="19" time="4.364" timestamp="2026-03-01T02:40:34.552834+00:00" hostname="agent-env-aafbdc23-fa3a-4353-9a57-b6a3ab3e7ba8"><testcase classname="backend.tests.test_followups.TestFollowUpSystem" name="test_create_followup_for_doctor" time="0.786" /><testcase classname="backend.tests.test_followups.TestFollowUpSystem" name="test_create_followup_for_medical" time="0.316" /><testcase classname="backend.tests.test_followups.TestFollowUpSystem" name="test_create_followup_for_agency" time="0.262" /><testcase classname="backend.tests.test_followups.TestFollowUpSystem" name="test_create_followup_without_next_date_is_closed" time="0.117" /><testcase classname="backend.tests.test_followups.TestFollowUpSystem" name="test_create_followup_invalid_entity_type" time="0.128" /><testcase classname="backend.tests.test_followups.TestFollowUpSystem" name="test_create_followup_nonexistent_entity" time="0.113" /><testcase classname="backend.tests.test_followups.TestFollowUpSystem" name="test_auto_close_previous_followups" time="0.443" /><testcase classname="backend.tests.test_followups.TestFollowUpSystem" name="test_get_followup_history_doctor" time="0.119" /><testcase classname="backend.tests.test_followups.TestFollowUpSystem" name="test_get_followup_history_medical" time="0.123" /><testcase classname="backend.tests.test_followups.TestFollowUpSystem" name="test_get_followup_history_agency" time="0.145" /><testcase classname="backend.tests.test_followups.TestFollowUpSystem" name="test_get_followup_history_nonexistent_entity" time="0.110" /><testcase classname="backend.tests.test_followups.TestFollowUpSystem" name="test_get_reminders_today_structure" time="0.153" /><testcase classname="backend.tests.test_followups.TestFollowUpSystem" name="test_reminders_today_follow_up_has_overdue_flag" time="0.126" /><testcase classname="backend.tests.test_followups.TestFollowUpSystem" name="test_create_overdue_followup_and_verify_in_reminders" time="0.274" /><testcase classname="backend.tests.test_followups.TestFollowUpSystem" name="test_followup_updates_entity_lead_status" time="0.243" /><testcase classname="backend.tests.test_followups.TestFollowUpSystem" name="test_followup_updates_entity_follow_up_date" time="0.217" /><testcase classname="backend.tests.test_followups.TestFollowUpSystem" name="test_followup_clears_follow_up_date_when_none" time="0.237" /><testcase classname="backend.tests.test_followups.TestFollowUpSystem" name="test_create_followup_without_auth_fails" time="0.100" /><testcase classname="backend.tests.test_followups.TestFollowUpSystem" name="test_get_followup_history_without_auth_fails" time="0.115" /></testsuite></testsuites>