<?xml version="1.0" encoding="utf-8"?><testsuites name="pytest tests"><testsuite name="pytest" errors="0" failures="0" skipped="0" tests="9" time="1.342" timestamp="2026-02-12T21:42:08.568138+00:00" hostname="agent-env-940b21e7-bb62-43be-b529-b0dec54beb61"><testcase classname="backend.tests.test_items_import.TestItemsBulkImport" name="test_01_download_template_returns_excel" time="0.381" /><testcase classname="backend.tests.test_items_import.TestItemsBulkImport" name="test_02_download_template_requires_auth" time="0.044" /><testcase classname="backend.tests.test_items_import.TestItemsBulkImport" name="test_03_import_requires_auth" time="0.043" /><testcase classname="backend.tests.test_items_import.TestItemsBulkImport" name="test_04_import_rejects_non_excel_files" time="0.082" /><testcase classname="backend.tests.test_items_import.TestItemsBulkImport" name="test_05_import_valid_excel_file" time="0.296" /><testcase classname="backend.tests.test_items_import.TestItemsBulkImport" name="test_06_import_updates_existing_items" time="0.050" /><testcase classname="backend.tests.test_items_import.TestItemsBulkImport" name="test_07_import_handles_comma_separated_categories" time="0.124" /><testcase classname="backend.tests.test_items_import.TestItemsBulkImport" name="test_08_import_empty_file_returns_error" time="0.054" /><testcase classname="backend.tests.test_items_import.TestItemsBulkImport" name="test_99_cleanup_test_items" time="0.204" /></testsuite></testsuites>