<?xml version="1.0" encoding="utf-8"?><testsuites name="pytest tests"><testsuite name="pytest" errors="0" failures="1" skipped="0" tests="11" time="4.991" timestamp="2026-03-26T02:58:00.494919+00:00" hostname="agent-env-31d24bf8-6509-4961-8e2f-1c20ad109a08"><testcase classname="backend.tests.test_mr_outstanding.TestMROutstanding" name="test_mr_login_returns_access_token" time="0.771" /><testcase classname="backend.tests.test_mr_outstanding.TestMROutstanding" name="test_mr_outstanding_endpoint_returns_200" time="0.413" /><testcase classname="backend.tests.test_mr_outstanding.TestMROutstanding" name="test_mr_outstanding_response_structure" time="0.382" /><testcase classname="backend.tests.test_mr_outstanding.TestMROutstanding" name="test_mr_outstanding_customer_structure" time="0.391" /><testcase classname="backend.tests.test_mr_outstanding.TestMROutstanding" name="test_mr_outstanding_synced_at_is_iso_format" time="0.387" /><testcase classname="backend.tests.test_mr_outstanding.TestMROutstanding" name="test_mr_outstanding_requires_auth" time="0.443"><failure message="AssertionError: Should return 401 without auth&#10;assert 403 == 401&#10; +  where 403 = &lt;Response [403]&gt;.status_code">backend/tests/test_mr_outstanding.py:127: in test_mr_outstanding_requires_auth
    assert response.status_code == 401, "Should return 401 without auth"
E   AssertionError: Should return 401 without auth
E   assert 403 == 401
E    +  where 403 = &lt;Response [403]&gt;.status_code</failure></testcase><testcase classname="backend.tests.test_mr_outstanding.TestMROutstanding" name="test_mr_outstanding_invalid_token" time="0.474" /><testcase classname="backend.tests.test_mr_outstanding.TestMROutstanding" name="test_mr_outstanding_totals_calculation" time="0.392" /><testcase classname="backend.tests.test_mr_outstanding.TestMROutstanding" name="test_mr_outstanding_customers_sorted_by_outstanding" time="0.414" /><testcase classname="backend.tests.test_mr_outstanding.TestMROutstandingIntegration" name="test_mr_customers_and_outstanding_consistency" time="0.429" /><testcase classname="backend.tests.test_mr_outstanding.TestMROutstandingIntegration" name="test_mr_me_endpoint_works" time="0.399" /></testsuite></testsuites>