<?xml version="1.0" encoding="utf-8"?><testsuites name="pytest tests"><testsuite name="pytest" errors="0" failures="0" skipped="0" tests="22" time="3.796" timestamp="2026-03-16T16:58:01.582124+00:00" hostname="agent-env-6c7024b4-69ed-43e3-9eed-5115fbe6ff91"><testcase classname="backend.tests.test_pwa_manifests.TestStaticAssets" name="test_mr_manifest_accessible" time="0.289" /><testcase classname="backend.tests.test_pwa_manifests.TestStaticAssets" name="test_user_manifest_accessible" time="0.147" /><testcase classname="backend.tests.test_pwa_manifests.TestStaticAssets" name="test_mr_icon_192_accessible" time="0.193" /><testcase classname="backend.tests.test_pwa_manifests.TestStaticAssets" name="test_mr_icon_512_accessible" time="0.158" /><testcase classname="backend.tests.test_pwa_manifests.TestStaticAssets" name="test_user_icon_192_accessible" time="0.186" /><testcase classname="backend.tests.test_pwa_manifests.TestStaticAssets" name="test_user_icon_512_accessible" time="0.182" /><testcase classname="backend.tests.test_pwa_manifests.TestStaticAssets" name="test_mr_service_worker_accessible" time="0.120" /><testcase classname="backend.tests.test_pwa_manifests.TestStaticAssets" name="test_user_service_worker_accessible" time="0.144" /><testcase classname="backend.tests.test_pwa_manifests.TestMRManifestContent" name="test_mr_manifest_name" time="0.120" /><testcase classname="backend.tests.test_pwa_manifests.TestMRManifestContent" name="test_mr_manifest_short_name" time="0.111" /><testcase classname="backend.tests.test_pwa_manifests.TestMRManifestContent" name="test_mr_manifest_start_url" time="0.171" /><testcase classname="backend.tests.test_pwa_manifests.TestMRManifestContent" name="test_mr_manifest_scope" time="0.116" /><testcase classname="backend.tests.test_pwa_manifests.TestMRManifestContent" name="test_mr_manifest_theme_color" time="0.146" /><testcase classname="backend.tests.test_pwa_manifests.TestMRManifestContent" name="test_mr_manifest_icons" time="0.118" /><testcase classname="backend.tests.test_pwa_manifests.TestUserManifestContent" name="test_user_manifest_name" time="0.118" /><testcase classname="backend.tests.test_pwa_manifests.TestUserManifestContent" name="test_user_manifest_short_name" time="0.140" /><testcase classname="backend.tests.test_pwa_manifests.TestUserManifestContent" name="test_user_manifest_start_url" time="0.125" /><testcase classname="backend.tests.test_pwa_manifests.TestUserManifestContent" name="test_user_manifest_scope" time="0.136" /><testcase classname="backend.tests.test_pwa_manifests.TestUserManifestContent" name="test_user_manifest_theme_color" time="0.155" /><testcase classname="backend.tests.test_pwa_manifests.TestUserManifestContent" name="test_user_manifest_icons" time="0.177" /><testcase classname="backend.tests.test_pwa_manifests.TestAuthEndpoints" name="test_mr_login_endpoint" time="0.331" /><testcase classname="backend.tests.test_pwa_manifests.TestAuthEndpoints" name="test_admin_login_endpoint" time="0.340" /></testsuite></testsuites>