<?xml version="1.0" encoding="utf-8"?><testsuites name="pytest tests"><testsuite name="pytest" errors="0" failures="0" skipped="0" tests="20" time="4.347" timestamp="2026-03-01T03:03:55.478417+00:00" hostname="agent-env-aafbdc23-fa3a-4353-9a57-b6a3ab3e7ba8"><testcase classname="backend.tests.test_greeting_templates.TestGreetingTemplatesAPI" name="test_get_all_templates_returns_seeded_templates" time="0.608" /><testcase classname="backend.tests.test_greeting_templates.TestGreetingTemplatesAPI" name="test_get_templates_count_by_type" time="0.152" /><testcase classname="backend.tests.test_greeting_templates.TestGreetingTemplatesAPI" name="test_get_templates_filter_by_type" time="0.255" /><testcase classname="backend.tests.test_greeting_templates.TestGreetingTemplatesAPI" name="test_templates_have_placeholders" time="0.115" /><testcase classname="backend.tests.test_greeting_templates.TestGreetingTemplatesAPI" name="test_get_templates_without_auth_fails" time="0.108" /><testcase classname="backend.tests.test_greeting_templates.TestGreetingTemplatesAPI" name="test_create_template_success" time="0.147" /><testcase classname="backend.tests.test_greeting_templates.TestGreetingTemplatesAPI" name="test_create_anniversary_template" time="0.162" /><testcase classname="backend.tests.test_greeting_templates.TestGreetingTemplatesAPI" name="test_create_template_without_auth_fails" time="0.134" /><testcase classname="backend.tests.test_greeting_templates.TestGreetingTemplatesAPI" name="test_update_template_message" time="0.125" /><testcase classname="backend.tests.test_greeting_templates.TestGreetingTemplatesAPI" name="test_update_template_toggle_active" time="0.252" /><testcase classname="backend.tests.test_greeting_templates.TestGreetingTemplatesAPI" name="test_update_template_image_url" time="0.110" /><testcase classname="backend.tests.test_greeting_templates.TestGreetingTemplatesAPI" name="test_update_nonexistent_template_returns_404" time="0.120" /><testcase classname="backend.tests.test_greeting_templates.TestGreetingTemplatesAPI" name="test_delete_template" time="0.240" /><testcase classname="backend.tests.test_greeting_templates.TestGreetingTemplatesAPI" name="test_delete_nonexistent_template_returns_404" time="0.116" /><testcase classname="backend.tests.test_greeting_templates.TestGreetingTemplatesAPI" name="test_get_greeting_logs" time="0.114" /><testcase classname="backend.tests.test_greeting_templates.TestGreetingTemplatesAPI" name="test_get_greeting_logs_with_limit" time="0.134" /><testcase classname="backend.tests.test_greeting_templates.TestGreetingTemplatesAPI" name="test_get_greeting_logs_without_auth_fails" time="0.102" /><testcase classname="backend.tests.test_greeting_templates.TestGreetingTemplatesAPI" name="test_cleanup_test_templates" time="0.137" /><testcase classname="backend.tests.test_greeting_templates.TestGreetingTemplatesValidation" name="test_template_contains_company_name_placeholder" time="0.549" /><testcase classname="backend.tests.test_greeting_templates.TestGreetingTemplatesValidation" name="test_template_type_options" time="0.476" /></testsuite></testsuites>