<?xml version="1.0" encoding="utf-8"?><testsuites name="pytest tests"><testsuite name="pytest" errors="0" failures="0" skipped="0" tests="13" time="4.437" timestamp="2026-03-26T02:35:20.601852+00:00" hostname="agent-env-31d24bf8-6509-4961-8e2f-1c20ad109a08"><testcase classname="tests.test_campaign_image_fix.TestBackendHealth" name="test_health_endpoint" time="0.249" /><testcase classname="tests.test_campaign_image_fix.TestAuthentication" name="test_login_with_admin_credentials" time="0.343" /><testcase classname="tests.test_campaign_image_fix.TestCampaignImageEndpoint" name="test_campaign_image_returns_binary_webp" time="0.695" /><testcase classname="tests.test_campaign_image_fix.TestCampaignImageEndpoint" name="test_campaign_image_jpeg_format" time="0.631" /><testcase classname="tests.test_campaign_image_fix.TestCampaignImageEndpoint" name="test_campaign_image_404_for_nonexistent" time="0.104" /><testcase classname="tests.test_campaign_image_fix.TestItemImageEndpoint" name="test_item_image_jpeg_format" time="0.723" /><testcase classname="tests.test_campaign_image_fix.TestLedgerPDFEndpoint" name="test_ledger_pdf_404_for_invalid_token" time="0.121" /><testcase classname="tests.test_campaign_image_fix.TestBasicEndpoints" name="test_orders_endpoint" time="0.455" /><testcase classname="tests.test_campaign_image_fix.TestBasicEndpoints" name="test_marketing_campaigns_endpoint" time="0.478" /><testcase classname="tests.test_campaign_image_fix.TestPWAIcons" name="test_customer_pwa_icon_192" time="0.141" /><testcase classname="tests.test_campaign_image_fix.TestPWAIcons" name="test_customer_pwa_icon_512" time="0.151" /><testcase classname="tests.test_campaign_image_fix.TestPWAIcons" name="test_mr_pwa_icon_192" time="0.128" /><testcase classname="tests.test_campaign_image_fix.TestPWAIcons" name="test_mr_pwa_icon_512" time="0.150" /></testsuite></testsuites>