<?xml version="1.0" encoding="utf-8"?><testsuites name="pytest tests"><testsuite name="pytest" errors="0" failures="0" skipped="0" tests="13" time="5.437" timestamp="2026-04-06T10:28:28.700204+00:00" hostname="agent-env-59cb9634-ba81-4692-84ca-d8b91f996093"><testcase classname="tests.test_bug_fixes_iteration56.TestCustomerAuth" name="test_customer_login_success" time="0.410" /><testcase classname="tests.test_bug_fixes_iteration56.TestCustomerAuth" name="test_customer_login_invalid_credentials" time="0.328" /><testcase classname="tests.test_bug_fixes_iteration56.TestCustomerProfile" name="test_customer_profile_endpoint_exists" time="0.419" /><testcase classname="tests.test_bug_fixes_iteration56.TestCustomerProfile" name="test_customer_profile_without_auth" time="0.426" /><testcase classname="tests.test_bug_fixes_iteration56.TestCustomerProfile" name="test_old_portal_profile_endpoint_not_used" time="0.427" /><testcase classname="tests.test_bug_fixes_iteration56.TestCustomerPushNotifications" name="test_customer_push_subscribe_endpoint" time="0.422" /><testcase classname="tests.test_bug_fixes_iteration56.TestCustomerPushNotifications" name="test_customer_push_subscribe_without_auth" time="0.411" /><testcase classname="tests.test_bug_fixes_iteration56.TestCustomerPushNotifications" name="test_customer_push_subscribe_invalid_subscription" time="0.442" /><testcase classname="tests.test_bug_fixes_iteration56.TestCustomerChangePassword" name="test_change_password_wrong_old_password" time="0.701" /><testcase classname="tests.test_bug_fixes_iteration56.TestCustomerChangePassword" name="test_change_password_missing_fields" time="0.432" /><testcase classname="tests.test_bug_fixes_iteration56.TestCustomerChangePassword" name="test_change_password_short_password" time="0.423" /><testcase classname="tests.test_bug_fixes_iteration56.TestCustomerChangePassword" name="test_change_password_without_auth" time="0.435" /><testcase classname="tests.test_bug_fixes_iteration56.TestVAPIDKey" name="test_vapid_key_endpoint" time="0.095" /></testsuite></testsuites>