<?xml version="1.0" encoding="utf-8"?><testsuites name="pytest tests"><testsuite name="pytest" errors="0" failures="0" skipped="0" tests="7" time="1.786" timestamp="2026-03-26T15:39:37.365108+00:00" hostname="agent-env-b144052c-deb8-44fc-a80e-2c1fb9d07c76"><testcase classname="backend.tests.test_mr_role_rates.TestMRRoleBasedRates" name="test_mr_login" time="0.413" /><testcase classname="backend.tests.test_mr_role_rates.TestMRRoleBasedRates" name="test_mr_customers_returns_entity_type" time="0.526" /><testcase classname="backend.tests.test_mr_role_rates.TestMRRoleBasedRates" name="test_mr_customers_search_doctor" time="0.134" /><testcase classname="backend.tests.test_mr_role_rates.TestMRRoleBasedRates" name="test_mr_items_returns_role_rates" time="0.114" /><testcase classname="backend.tests.test_mr_role_rates.TestMRRoleBasedRates" name="test_mr_items_search_amox" time="0.111" /><testcase classname="backend.tests.test_mr_role_rates.TestMRRoleBasedRates" name="test_items_have_all_rate_fields" time="0.148" /><testcase classname="backend.tests.test_mr_role_rates.TestMRRoleBasedRates" name="test_customer_entity_type_filter" time="0.289" /></testsuite></testsuites>