<?xml version="1.0" encoding="utf-8"?><testsuites name="pytest tests"><testsuite name="pytest" errors="0" failures="0" skipped="0" tests="29" time="5.848" timestamp="2026-02-27T18:20:17.852446+00:00" hostname="agent-env-fb81413e-ce05-442e-8fc8-dbeba9467f0f"><testcase classname="backend.tests.test_dashboard_stats.TestComprehensiveStatsStructure" name="test_endpoint_returns_200" time="0.638" /><testcase classname="backend.tests.test_dashboard_stats.TestComprehensiveStatsStructure" name="test_response_has_all_required_sections" time="0.129" /><testcase classname="backend.tests.test_dashboard_stats.TestComprehensiveStatsStructure" name="test_requires_authentication" time="0.140" /><testcase classname="backend.tests.test_dashboard_stats.TestCustomersStats" name="test_customers_has_doctors_medicals_agencies" time="0.162" /><testcase classname="backend.tests.test_dashboard_stats.TestCustomersStats" name="test_doctors_stats_structure" time="0.151" /><testcase classname="backend.tests.test_dashboard_stats.TestCustomersStats" name="test_medicals_stats_structure" time="0.145" /><testcase classname="backend.tests.test_dashboard_stats.TestCustomersStats" name="test_agencies_stats_structure" time="0.141" /><testcase classname="backend.tests.test_dashboard_stats.TestCustomersStats" name="test_combined_status_calculation" time="0.168" /><testcase classname="backend.tests.test_dashboard_stats.TestCustomersStats" name="test_total_all_calculation" time="0.119" /><testcase classname="backend.tests.test_dashboard_stats.TestOrdersStats" name="test_orders_stats_structure" time="0.132" /><testcase classname="backend.tests.test_dashboard_stats.TestOrdersStats" name="test_orders_all_statuses_present" time="0.134" /><testcase classname="backend.tests.test_dashboard_stats.TestOrdersStats" name="test_orders_total_matches_sum_of_statuses" time="0.141" /><testcase classname="backend.tests.test_dashboard_stats.TestPendingItemsStats" name="test_pending_items_stats_structure" time="0.127" /><testcase classname="backend.tests.test_dashboard_stats.TestPendingItemsStats" name="test_pending_items_by_item_sorted_by_quantity" time="0.126" /><testcase classname="backend.tests.test_dashboard_stats.TestExpensesStats" name="test_expenses_stats_structure" time="0.136" /><testcase classname="backend.tests.test_dashboard_stats.TestExpensesStats" name="test_expenses_values_are_numeric" time="0.120" /><testcase classname="backend.tests.test_dashboard_stats.TestItemsStats" name="test_items_stats_structure" time="0.135" /><testcase classname="backend.tests.test_dashboard_stats.TestItemsStats" name="test_most_ordered_items_structure" time="0.114" /><testcase classname="backend.tests.test_dashboard_stats.TestItemsStats" name="test_least_ordered_items_structure" time="0.115" /><testcase classname="backend.tests.test_dashboard_stats.TestItemsStats" name="test_stale_items_structure" time="0.118" /><testcase classname="backend.tests.test_dashboard_stats.TestSupportTicketsStats" name="test_support_tickets_stats_structure" time="0.115" /><testcase classname="backend.tests.test_dashboard_stats.TestSupportTicketsStats" name="test_support_tickets_all_statuses_present" time="0.121" /><testcase classname="backend.tests.test_dashboard_stats.TestSupportTicketsStats" name="test_support_tickets_total_matches_sum" time="0.142" /><testcase classname="backend.tests.test_dashboard_stats.TestExpectedValues" name="test_doctors_count" time="0.292" /><testcase classname="backend.tests.test_dashboard_stats.TestExpectedValues" name="test_medicals_count" time="0.326" /><testcase classname="backend.tests.test_dashboard_stats.TestExpectedValues" name="test_agencies_count" time="0.258" /><testcase classname="backend.tests.test_dashboard_stats.TestExpectedValues" name="test_orders_count" time="0.273" /><testcase classname="backend.tests.test_dashboard_stats.TestExpectedValues" name="test_items_count" time="0.650" /><testcase classname="backend.tests.test_dashboard_stats.TestExpectedValues" name="test_pending_items_count" time="0.305" /></testsuite></testsuites>