<?xml version="1.0" encoding="utf-8"?><testsuites name="pytest tests"><testsuite name="pytest" errors="0" failures="0" skipped="4" tests="10" time="2.936" timestamp="2026-04-10T14:29:00.006916+00:00" hostname="agent-env-59cb9634-ba81-4692-84ca-d8b91f996093"><testcase classname="backend.tests.test_stock_edit_delete.TestAuth" name="test_admin_login" time="0.417" /><testcase classname="backend.tests.test_stock_edit_delete.TestSalesReturnAPI" name="test_get_sales_returns" time="0.500" /><testcase classname="backend.tests.test_stock_edit_delete.TestSalesReturnAPI" name="test_create_sales_return" time="0.111"><skipped type="pytest.skip" message="No test item available">/app/backend/tests/test_stock_edit_delete.py:77: No test item available</skipped></testcase><testcase classname="backend.tests.test_stock_edit_delete.TestStockIssueAPI" name="test_get_stock_issues" time="0.537" /><testcase classname="backend.tests.test_stock_edit_delete.TestStockIssueAPI" name="test_create_stock_issue" time="0.109"><skipped type="pytest.skip" message="No test item available">/app/backend/tests/test_stock_edit_delete.py:137: No test item available</skipped></testcase><testcase classname="backend.tests.test_stock_edit_delete.TestTransactionEditDelete" name="test_create_and_update_sales_return" time="0.483"><skipped type="pytest.skip" message="No test item available">/app/backend/tests/test_stock_edit_delete.py:183: No test item available</skipped></testcase><testcase classname="backend.tests.test_stock_edit_delete.TestTransactionEditDelete" name="test_create_and_update_stock_issue" time="0.000"><skipped type="pytest.skip" message="No test item available">/app/backend/tests/test_stock_edit_delete.py:241: No test item available</skipped></testcase><testcase classname="backend.tests.test_stock_edit_delete.TestTransactionEditDelete" name="test_delete_nonexistent_transaction" time="0.110" /><testcase classname="backend.tests.test_stock_edit_delete.TestTransactionEditDelete" name="test_update_nonexistent_transaction" time="0.137" /><testcase classname="backend.tests.test_stock_edit_delete.TestCleanup" name="test_cleanup_test_items" time="0.464" /></testsuite></testsuites>