<?xml version="1.0" encoding="utf-8"?><testsuites name="pytest tests"><testsuite name="pytest" errors="0" failures="0" skipped="0" tests="11" time="4.439" timestamp="2026-04-05T18:50:52.519693+00:00" hostname="agent-env-59cb9634-ba81-4692-84ca-d8b91f996093"><testcase classname="backend.tests.test_database_restore.TestDatabaseRestore" name="test_health_check" time="0.575" /><testcase classname="backend.tests.test_database_restore.TestDatabaseRestore" name="test_restore_requires_admin_auth" time="0.482" /><testcase classname="backend.tests.test_database_restore.TestDatabaseRestore" name="test_restore_rejects_non_json_file" time="0.588" /><testcase classname="backend.tests.test_database_restore.TestDatabaseRestore" name="test_restore_merge_mode" time="0.484" /><testcase classname="backend.tests.test_database_restore.TestDatabaseRestore" name="test_restore_replace_mode" time="0.442" /><testcase classname="backend.tests.test_database_restore.TestDatabaseRestore" name="test_restore_protected_collections_merged" time="0.499" /><testcase classname="backend.tests.test_database_restore.TestDatabaseRestore" name="test_backup_history_includes_restore_entries" time="0.410" /><testcase classname="backend.tests.test_database_restore.TestDatabaseRestore" name="test_restore_invalid_json_content" time="0.425" /><testcase classname="backend.tests.test_database_restore.TestDatabaseRestore" name="test_restore_empty_collections" time="0.464" /><testcase classname="backend.tests.test_database_restore.TestTempFileCleanup" name="test_cleanup_task_registered" time="0.000" /><testcase classname="backend.tests.test_database_restore.TestTempFileCleanup" name="test_cleanup_function_exists" time="0.000" /></testsuite></testsuites>