<?xml version="1.0" encoding="utf-8"?><testsuites name="pytest tests"><testsuite name="pytest" errors="0" failures="0" skipped="0" tests="17" time="10.000" timestamp="2026-02-17T18:51:23.838603+00:00" hostname="agent-env-ddac6ad4-276c-41e9-a130-c0356cd5047c"><testcase classname="backend.tests.test_customer_portal.TestCustomerPortalAPIs" name="test_01_customer_send_otp" time="0.627" /><testcase classname="backend.tests.test_customer_portal.TestCustomerPortalAPIs" name="test_02_customer_send_otp_invalid_phone" time="0.554" /><testcase classname="backend.tests.test_customer_portal.TestCustomerPortalAPIs" name="test_03_customer_login_invalid_credentials" time="0.477" /><testcase classname="backend.tests.test_customer_portal.TestCustomerPortalAPIs" name="test_04_get_customers_list" time="0.525" /><testcase classname="backend.tests.test_customer_portal.TestCustomerPortalAPIs" name="test_05_get_customers_unauthenticated" time="0.539" /><testcase classname="backend.tests.test_customer_portal.TestCustomerPortalAPIs" name="test_06_get_customers_with_filters" time="0.920" /><testcase classname="backend.tests.test_customer_portal.TestCustomerPortalAPIs" name="test_07_get_support_tickets" time="0.497" /><testcase classname="backend.tests.test_customer_portal.TestCustomerPortalAPIs" name="test_08_get_support_tickets_unauthenticated" time="0.486" /><testcase classname="backend.tests.test_customer_portal.TestCustomerPortalAPIs" name="test_09_get_support_tickets_with_filters" time="0.658" /><testcase classname="backend.tests.test_customer_portal.TestCustomerPortalAPIs" name="test_10_get_items" time="0.681" /><testcase classname="backend.tests.test_customer_portal.TestCustomerPortalAPIs" name="test_11_create_item_with_role_pricing" time="0.591" /><testcase classname="backend.tests.test_customer_portal.TestCustomerPortalAPIs" name="test_12_get_item_verifies_role_pricing" time="0.631" /><testcase classname="backend.tests.test_customer_portal.TestCustomerPortalAPIs" name="test_13_update_item_role_pricing" time="0.522" /><testcase classname="backend.tests.test_customer_portal.TestCustomerPortalAPIs" name="test_14_get_transports" time="0.486" /><testcase classname="backend.tests.test_customer_portal.TestCustomerPortalAPIs" name="test_15_get_states" time="0.581" /><testcase classname="backend.tests.test_customer_portal.TestCustomerPortalAPIs" name="test_16_get_districts" time="0.547" /><testcase classname="backend.tests.test_customer_portal.TestCustomerPortalAPIs" name="test_99_cleanup" time="0.620" /></testsuite></testsuites>