<?xml version="1.0" encoding="utf-8"?><testsuites name="pytest tests"><testsuite name="pytest" errors="0" failures="0" skipped="0" tests="6" time="2.365" timestamp="2026-03-26T16:56:51.039086+00:00" hostname="agent-env-b144052c-deb8-44fc-a80e-2c1fb9d07c76"><testcase classname="backend.tests.test_customer_pending_items.TestCustomerPendingItems" name="test_customer_login_success" time="0.473" /><testcase classname="backend.tests.test_customer_pending_items.TestCustomerPendingItems" name="test_get_pending_items_returns_items" time="0.615" /><testcase classname="backend.tests.test_customer_pending_items.TestCustomerPendingItems" name="test_pending_items_contains_vitamin_d3" time="0.524" /><testcase classname="backend.tests.test_customer_pending_items.TestCustomerPendingItems" name="test_pending_items_contains_paracetamol" time="0.460" /><testcase classname="backend.tests.test_customer_pending_items.TestCustomerPendingItems" name="test_pending_items_unauthorized_without_token" time="0.117" /><testcase classname="backend.tests.test_customer_pending_items.TestCustomerPendingItems" name="test_pending_items_invalid_token" time="0.116" /></testsuite></testsuites>