<?xml version="1.0" encoding="utf-8"?><testsuites name="pytest tests"><testsuite name="pytest" errors="0" failures="13" skipped="0" tests="14" time="2.563" timestamp="2026-02-15T02:30:35.973675+00:00" hostname="agent-env-6ee2991b-adc1-4bfb-94ce-109bd851a6c9"><testcase classname="backend.tests.test_order_status_update.TestOrderStatusUpdate" name="test_01_create_test_order" time="0.745"><failure message="KeyError: 'id'">backend/tests/test_order_status_update.py:84: in test_01_create_test_order
    TestOrderStatusUpdate.order_id = order["id"]
                                     ^^^^^^^^^^^
E   KeyError: 'id'</failure></testcase><testcase classname="backend.tests.test_order_status_update.TestOrderStatusUpdate" name="test_02_get_or_create_transport" time="0.119" /><testcase classname="backend.tests.test_order_status_update.TestOrderStatusUpdate" name="test_03_update_pending_to_confirmed" time="0.000"><failure message="AssertionError: No test order available&#10;assert None is not None&#10; +  where None = TestOrderStatusUpdate.order_id">backend/tests/test_order_status_update.py:114: in test_03_update_pending_to_confirmed
    assert TestOrderStatusUpdate.order_id is not None, "No test order available"
E   AssertionError: No test order available
E   assert None is not None
E    +  where None = TestOrderStatusUpdate.order_id</failure></testcase><testcase classname="backend.tests.test_order_status_update.TestOrderStatusUpdate" name="test_04_update_confirmed_to_ready_to_despatch_with_to_pay" time="0.000"><failure message="AssertionError: No test order available&#10;assert None is not None&#10; +  where None = TestOrderStatusUpdate.order_id">backend/tests/test_order_status_update.py:140: in test_04_update_confirmed_to_ready_to_despatch_with_to_pay
    assert TestOrderStatusUpdate.order_id is not None, "No test order available"
E   AssertionError: No test order available
E   assert None is not None
E    +  where None = TestOrderStatusUpdate.order_id</failure></testcase><testcase classname="backend.tests.test_order_status_update.TestOrderStatusUpdate" name="test_05_update_ready_to_despatch_to_shipped" time="0.000"><failure message="AssertionError: No test order available&#10;assert None is not None&#10; +  where None = TestOrderStatusUpdate.order_id">backend/tests/test_order_status_update.py:185: in test_05_update_ready_to_despatch_to_shipped
    assert TestOrderStatusUpdate.order_id is not None, "No test order available"
E   AssertionError: No test order available
E   assert None is not None
E    +  where None = TestOrderStatusUpdate.order_id</failure></testcase><testcase classname="backend.tests.test_order_status_update.TestOrderStatusUpdate" name="test_06_update_shipped_to_delivered" time="0.000"><failure message="AssertionError: No test order available&#10;assert None is not None&#10; +  where None = TestOrderStatusUpdate.order_id">backend/tests/test_order_status_update.py:211: in test_06_update_shipped_to_delivered
    assert TestOrderStatusUpdate.order_id is not None, "No test order available"
E   AssertionError: No test order available
E   assert None is not None
E    +  where None = TestOrderStatusUpdate.order_id</failure></testcase><testcase classname="backend.tests.test_order_status_update.TestOrderStatusUpdate" name="test_07_create_second_order_for_paid_mode_test" time="0.249"><failure message="KeyError: 'id'">backend/tests/test_order_status_update.py:257: in test_07_create_second_order_for_paid_mode_test
    TestOrderStatusUpdate.paid_order_id = order["id"]
                                          ^^^^^^^^^^^
E   KeyError: 'id'</failure></testcase><testcase classname="backend.tests.test_order_status_update.TestOrderStatusUpdate" name="test_08_update_to_ready_to_despatch_with_paid_mode" time="0.000"><failure message="AssertionError: No paid test order available&#10;assert None is not None">backend/tests/test_order_status_update.py:263: in test_08_update_to_ready_to_despatch_with_paid_mode
    assert order_id is not None, "No paid test order available"
E   AssertionError: No paid test order available
E   assert None is not None</failure></testcase><testcase classname="backend.tests.test_order_status_update.TestOrderStatusUpdate" name="test_09_ship_paid_order_creates_expense" time="0.000"><failure message="AssertionError: No paid test order available&#10;assert None is not None">backend/tests/test_order_status_update.py:311: in test_09_ship_paid_order_creates_expense
    assert order_id is not None, "No paid test order available"
E   AssertionError: No paid test order available
E   assert None is not None</failure></testcase><testcase classname="backend.tests.test_order_status_update.TestOrderStatusUpdate" name="test_10_create_order_for_cancellation" time="0.256"><failure message="KeyError: 'id'">backend/tests/test_order_status_update.py:360: in test_10_create_order_for_cancellation
    TestOrderStatusUpdate.cancel_order_id = order["id"]
                                            ^^^^^^^^^^^
E   KeyError: 'id'</failure></testcase><testcase classname="backend.tests.test_order_status_update.TestOrderStatusUpdate" name="test_11_update_to_cancelled_with_reason" time="0.000"><failure message="AssertionError: No cancel test order available&#10;assert None is not None">backend/tests/test_order_status_update.py:366: in test_11_update_to_cancelled_with_reason
    assert order_id is not None, "No cancel test order available"
E   AssertionError: No cancel test order available
E   assert None is not None</failure></testcase><testcase classname="backend.tests.test_order_status_update.TestOrderStatusUpdate" name="test_12_verify_empty_string_to_null_conversion" time="0.225"><failure message="KeyError: 'id'">backend/tests/test_order_status_update.py:412: in test_12_verify_empty_string_to_null_conversion
    order_id = response.json()["id"]
               ^^^^^^^^^^^^^^^^^^^^^
E   KeyError: 'id'</failure></testcase><testcase classname="backend.tests.test_order_status_update.TestOrderStatusUpdate" name="test_13_test_with_actual_numeric_values" time="0.228"><failure message="KeyError: 'id'">backend/tests/test_order_status_update.py:468: in test_13_test_with_actual_numeric_values
    order_id = response.json()["id"]
               ^^^^^^^^^^^^^^^^^^^^^
E   KeyError: 'id'</failure></testcase><testcase classname="backend.tests.test_order_status_update.TestCleanup" name="test_cleanup" time="0.509"><failure message="AttributeError: 'NoneType' object has no attribute 'startswith'">backend/tests/test_order_status_update.py:540: in test_cleanup
    test_orders = [o for o in orders if o.get("doctor_name", "").startswith("TEST_")]
                  ^^^^^^^^^^^^^^^^^^^^^^^^^^^^^^^^^^^^^^^^^^^^^^^^^^^^^^^^^^^^^^^^^^^
backend/tests/test_order_status_update.py:540: in &lt;listcomp&gt;
    test_orders = [o for o in orders if o.get("doctor_name", "").startswith("TEST_")]
                                        ^^^^^^^^^^^^^^^^^^^^^^^^^^^^^^^^^^^
E   AttributeError: 'NoneType' object has no attribute 'startswith'</failure></testcase></testsuite></testsuites>