<?xml version="1.0" encoding="utf-8"?><testsuites name="pytest tests"><testsuite name="pytest" errors="0" failures="0" skipped="1" tests="8" time="7.047" timestamp="2026-04-05T17:48:37.788446+00:00" hostname="agent-env-59cb9634-ba81-4692-84ca-d8b91f996093"><testcase classname="tests.test_whatsapp_template_fix.TestHealthAndAuth" name="test_health_check" time="0.155" /><testcase classname="tests.test_whatsapp_template_fix.TestHealthAndAuth" name="test_admin_login" time="0.341" /><testcase classname="tests.test_whatsapp_template_fix.TestOrdersAndNotifications" name="test_fetch_orders" time="0.442" /><testcase classname="tests.test_whatsapp_template_fix.TestOrdersAndNotifications" name="test_order_status_update_triggers_notification" time="2.543" /><testcase classname="tests.test_whatsapp_template_fix.TestVPSDownload" name="test_vps_download_package_exists" time="2.164" /><testcase classname="tests.test_whatsapp_template_fix.TestWhatsAppTemplateFix" name="test_company_settings_has_short_name" time="0.489" /><testcase classname="tests.test_whatsapp_template_fix.TestWhatsAppTemplateFix" name="test_whatsapp_logs_no_plus_none" time="0.430" /><testcase classname="tests.test_whatsapp_template_fix.TestRenderWaTemplateFunction" name="test_order_confirmation_notification" time="0.423"><skipped type="pytest.skip" message="Could not create test order">/app/backend/tests/test_whatsapp_template_fix.py:301: Could not create test order</skipped></testcase></testsuite></testsuites>