<?xml version="1.0" encoding="utf-8"?><testsuites name="pytest tests"><testsuite name="pytest" errors="0" failures="0" skipped="0" tests="31" time="1.493" timestamp="2026-01-25T11:46:34.076595+00:00" hostname="agent-env-4bf870f0-70f5-48f4-a82c-b4a5ecd2d880"><testcase classname="backend.tests.test_medicals_agencies.TestMedicalsCRUD" name="test_create_medical_with_all_fields" time="0.350" /><testcase classname="backend.tests.test_medicals_agencies.TestMedicalsCRUD" name="test_get_medical_by_id" time="0.051" /><testcase classname="backend.tests.test_medicals_agencies.TestMedicalsCRUD" name="test_list_medicals" time="0.013" /><testcase classname="backend.tests.test_medicals_agencies.TestMedicalsCRUD" name="test_list_medicals_with_search" time="0.050" /><testcase classname="backend.tests.test_medicals_agencies.TestMedicalsCRUD" name="test_list_medicals_with_status_filter" time="0.012" /><testcase classname="backend.tests.test_medicals_agencies.TestMedicalsCRUD" name="test_update_medical" time="0.025" /><testcase classname="backend.tests.test_medicals_agencies.TestMedicalsCRUD" name="test_add_note_to_medical" time="0.049" /><testcase classname="backend.tests.test_medicals_agencies.TestMedicalsCRUD" name="test_get_medical_notes" time="0.012" /><testcase classname="backend.tests.test_medicals_agencies.TestMedicalsCRUD" name="test_mark_medical_contacted" time="0.058" /><testcase classname="backend.tests.test_medicals_agencies.TestMedicalsCRUD" name="test_delete_medical_note" time="0.050" /><testcase classname="backend.tests.test_medicals_agencies.TestMedicalsCRUD" name="test_delete_medical" time="0.063" /><testcase classname="backend.tests.test_medicals_agencies.TestAgenciesCRUD" name="test_create_agency_with_all_fields" time="0.051" /><testcase classname="backend.tests.test_medicals_agencies.TestAgenciesCRUD" name="test_get_agency_by_id" time="0.009" /><testcase classname="backend.tests.test_medicals_agencies.TestAgenciesCRUD" name="test_list_agencies" time="0.049" /><testcase classname="backend.tests.test_medicals_agencies.TestAgenciesCRUD" name="test_list_agencies_with_search" time="0.051" /><testcase classname="backend.tests.test_medicals_agencies.TestAgenciesCRUD" name="test_list_agencies_with_status_filter" time="0.051" /><testcase classname="backend.tests.test_medicals_agencies.TestAgenciesCRUD" name="test_update_agency" time="0.018" /><testcase classname="backend.tests.test_medicals_agencies.TestAgenciesCRUD" name="test_add_note_to_agency" time="0.050" /><testcase classname="backend.tests.test_medicals_agencies.TestAgenciesCRUD" name="test_get_agency_notes" time="0.010" /><testcase classname="backend.tests.test_medicals_agencies.TestAgenciesCRUD" name="test_mark_agency_contacted" time="0.017" /><testcase classname="backend.tests.test_medicals_agencies.TestAgenciesCRUD" name="test_delete_agency_note" time="0.009" /><testcase classname="backend.tests.test_medicals_agencies.TestAgenciesCRUD" name="test_delete_agency" time="0.016" /><testcase classname="backend.tests.test_medicals_agencies.TestTasksForMedicalsAgencies" name="test_create_medical_for_task" time="0.010" /><testcase classname="backend.tests.test_medicals_agencies.TestTasksForMedicalsAgencies" name="test_create_agency_for_task" time="0.009" /><testcase classname="backend.tests.test_medicals_agencies.TestTasksForMedicalsAgencies" name="test_create_task_for_medical" time="0.055" /><testcase classname="backend.tests.test_medicals_agencies.TestTasksForMedicalsAgencies" name="test_create_task_for_agency" time="0.010" /><testcase classname="backend.tests.test_medicals_agencies.TestTasksForMedicalsAgencies" name="test_get_tasks_for_medical" time="0.051" /><testcase classname="backend.tests.test_medicals_agencies.TestTasksForMedicalsAgencies" name="test_get_tasks_for_agency" time="0.009" /><testcase classname="backend.tests.test_medicals_agencies.TestTasksForMedicalsAgencies" name="test_cleanup_tasks_and_entities" time="0.113" /><testcase classname="backend.tests.test_medicals_agencies.TestExistingData" name="test_existing_medical_exists" time="0.010" /><testcase classname="backend.tests.test_medicals_agencies.TestExistingData" name="test_existing_agency_exists" time="0.010" /></testsuite></testsuites>