<?xml version="1.0" encoding="utf-8"?><testsuites name="pytest tests"><testsuite name="pytest" errors="0" failures="1" skipped="0" tests="17" time="6.503" timestamp="2026-03-26T14:55:14.130080+00:00" hostname="agent-env-31d24bf8-6509-4961-8e2f-1c20ad109a08"><testcase classname="backend.tests.test_new_features_v2.TestAdminLogin" name="test_admin_login_success" time="0.493" /><testcase classname="backend.tests.test_new_features_v2.TestMRLogin" name="test_mr_login_success" time="0.348" /><testcase classname="backend.tests.test_new_features_v2.TestOrdersEndpoint" name="test_orders_endpoint_returns_new_fields" time="0.562" /><testcase classname="backend.tests.test_new_features_v2.TestOrderTransfer" name="test_get_agencies" time="0.158" /><testcase classname="backend.tests.test_new_features_v2.TestOrderTransfer" name="test_transfer_order_requires_agency_id" time="0.312" /><testcase classname="backend.tests.test_new_features_v2.TestOrderTransfer" name="test_transfer_order_to_agency" time="0.553" /><testcase classname="backend.tests.test_new_features_v2.TestMRPaymentRequests" name="test_create_payment_request" time="0.698" /><testcase classname="backend.tests.test_new_features_v2.TestMRPaymentRequests" name="test_get_mr_payment_requests" time="0.107" /><testcase classname="backend.tests.test_new_features_v2.TestMRPaymentRequests" name="test_admin_get_all_payment_requests" time="0.316" /><testcase classname="backend.tests.test_new_features_v2.TestMRPaymentRequests" name="test_admin_approve_payment_request" time="0.698" /><testcase classname="backend.tests.test_new_features_v2.TestMRPaymentRequests" name="test_admin_reject_payment_request" time="0.617" /><testcase classname="backend.tests.test_new_features_v2.TestMROrdersWithNotes" name="test_mr_order_creation_with_notes" time="0.730"><failure message="AssertionError: Order source should be 'mr'&#10;assert None == 'mr'&#10; +  where None = &lt;built-in method get of dict object at 0xfda35caf1500&gt;('source')&#10; +    where &lt;built-in method get of dict object at 0xfda35caf1500&gt; = {'id': '3fde5748-1fd3-471b-81b0-e46143e0b0e3', 'message': 'Order created successfully', 'order_number': 'ORD-20260326-0003', 'status': 'pending'}.get">backend/tests/test_new_features_v2.py:429: in test_mr_order_creation_with_notes
    assert order.get('source') == 'mr', "Order source should be 'mr'"
E   AssertionError: Order source should be 'mr'
E   assert None == 'mr'
E    +  where None = &lt;built-in method get of dict object at 0xfda35caf1500&gt;('source')
E    +    where &lt;built-in method get of dict object at 0xfda35caf1500&gt; = {'id': '3fde5748-1fd3-471b-81b0-e46143e0b0e3', 'message': 'Order created successfully', 'order_number': 'ORD-20260326-0003', 'status': 'pending'}.get</failure></testcase><testcase classname="backend.tests.test_new_features_v2.TestRoleBasedRates" name="test_items_have_role_based_rates" time="0.110" /><testcase classname="backend.tests.test_new_features_v2.TestPaymentRequestValidation" name="test_payment_request_requires_customer" time="0.133" /><testcase classname="backend.tests.test_new_features_v2.TestPaymentRequestValidation" name="test_payment_request_requires_positive_amount" time="0.137" /><testcase classname="backend.tests.test_new_features_v2.TestTransferValidation" name="test_transfer_nonexistent_order" time="0.148" /><testcase classname="backend.tests.test_new_features_v2.TestTransferValidation" name="test_transfer_nonexistent_agency" time="0.273" /></testsuite></testsuites>