<?xml version="1.0" encoding="utf-8"?><testsuites name="pytest tests"><testsuite name="pytest" errors="0" failures="0" skipped="0" tests="28" time="9.445" timestamp="2026-03-30T08:31:49.214257+00:00" hostname="agent-env-59cb9634-ba81-4692-84ca-d8b91f996093"><testcase classname="backend.tests.test_refactored_routes.TestHealthAndAuth" name="test_health_endpoint" time="0.126" /><testcase classname="backend.tests.test_refactored_routes.TestHealthAndAuth" name="test_root_endpoint" time="0.114" /><testcase classname="backend.tests.test_refactored_routes.TestHealthAndAuth" name="test_admin_login_success" time="5.483" /><testcase classname="backend.tests.test_refactored_routes.TestHealthAndAuth" name="test_admin_login_wrong_password" time="0.352" /><testcase classname="backend.tests.test_refactored_routes.TestDashboard" name="test_dashboard_stats" time="0.445" /><testcase classname="backend.tests.test_refactored_routes.TestDashboard" name="test_dashboard_stats_unauthorized" time="0.120" /><testcase classname="backend.tests.test_refactored_routes.TestDoctors" name="test_get_doctors" time="0.108" /><testcase classname="backend.tests.test_refactored_routes.TestDoctors" name="test_get_doctors_unauthorized" time="0.159" /><testcase classname="backend.tests.test_refactored_routes.TestMedicals" name="test_get_medicals" time="0.110" /><testcase classname="backend.tests.test_refactored_routes.TestAgencies" name="test_get_agencies" time="0.122" /><testcase classname="backend.tests.test_refactored_routes.TestItems" name="test_get_items" time="0.124" /><testcase classname="backend.tests.test_refactored_routes.TestOrders" name="test_get_orders" time="0.107" /><testcase classname="backend.tests.test_refactored_routes.TestEmailLogs" name="test_get_email_logs" time="0.118" /><testcase classname="backend.tests.test_refactored_routes.TestWhatsAppLogs" name="test_get_whatsapp_logs" time="0.156" /><testcase classname="backend.tests.test_refactored_routes.TestReminders" name="test_get_reminders" time="0.123" /><testcase classname="backend.tests.test_refactored_routes.TestExpenses" name="test_get_expenses" time="0.110" /><testcase classname="backend.tests.test_refactored_routes.TestDatabase" name="test_get_backup_settings" time="0.104" /><testcase classname="backend.tests.test_refactored_routes.TestDatabase" name="test_get_backup_history" time="0.098" /><testcase classname="backend.tests.test_refactored_routes.TestAnalytics" name="test_get_analytics_reports" time="0.125" /><testcase classname="backend.tests.test_refactored_routes.TestTransports" name="test_get_transports" time="0.105" /><testcase classname="backend.tests.test_refactored_routes.TestMarketing" name="test_get_marketing_templates" time="0.108" /><testcase classname="backend.tests.test_refactored_routes.TestMessageTemplates" name="test_get_message_templates" time="0.108" /><testcase classname="backend.tests.test_refactored_routes.TestPendingItems" name="test_get_pending_items" time="0.109" /><testcase classname="backend.tests.test_refactored_routes.TestGreetingTemplates" name="test_get_greeting_templates" time="0.099" /><testcase classname="backend.tests.test_refactored_routes.TestUsers" name="test_get_users" time="0.119" /><testcase classname="backend.tests.test_refactored_routes.TestMRs" name="test_get_mrs" time="0.122" /><testcase classname="backend.tests.test_refactored_routes.TestFollowups" name="test_get_followups_by_entity" time="0.279" /><testcase classname="backend.tests.test_refactored_routes.TestCompanySettings" name="test_get_company_settings" time="0.105" /></testsuite></testsuites>