<?xml version="1.0" encoding="utf-8"?><testsuites name="pytest tests"><testsuite name="pytest" errors="0" failures="0" skipped="0" tests="15" time="3.072" timestamp="2026-04-10T14:55:02.409110+00:00" hostname="agent-env-59cb9634-ba81-4692-84ca-d8b91f996093"><testcase classname="backend.tests.test_iteration_62_features.TestPeriodReportAPI" name="test_period_report_returns_data" time="0.676" /><testcase classname="backend.tests.test_iteration_62_features.TestPeriodReportAPI" name="test_period_report_without_dates" time="0.169" /><testcase classname="backend.tests.test_iteration_62_features.TestPeriodReportAPI" name="test_period_report_with_partial_dates" time="0.170" /><testcase classname="backend.tests.test_iteration_62_features.TestStockStatusAPI" name="test_stock_status_returns_data" time="0.175" /><testcase classname="backend.tests.test_iteration_62_features.TestItemLedgerAPI" name="test_item_ledger_returns_data" time="0.215" /><testcase classname="backend.tests.test_iteration_62_features.TestUserLedgerAPI" name="test_user_ledger_by_phone" time="0.124" /><testcase classname="backend.tests.test_iteration_62_features.TestUserLedgerAPI" name="test_user_ledger_by_name" time="0.149" /><testcase classname="backend.tests.test_iteration_62_features.TestPurchasesAPI" name="test_purchases_with_date_filter" time="0.162" /><testcase classname="backend.tests.test_iteration_62_features.TestPurchasesAPI" name="test_purchases_without_filter" time="0.143" /><testcase classname="backend.tests.test_iteration_62_features.TestSalesReturnsAPI" name="test_sales_returns_list" time="0.105" /><testcase classname="backend.tests.test_iteration_62_features.TestStockIssuesAPI" name="test_stock_issues_list" time="0.111" /><testcase classname="backend.tests.test_iteration_62_features.TestDoctorAddBugFix" name="test_create_doctor_without_reg_no_and_email" time="0.228" /><testcase classname="backend.tests.test_iteration_62_features.TestDoctorAddBugFix" name="test_create_doctor_with_empty_reg_no_and_email" time="0.220" /><testcase classname="backend.tests.test_iteration_62_features.TestDoctorAddBugFix" name="test_create_doctor_with_all_fields" time="0.233" /><testcase classname="backend.tests.test_iteration_62_features.TestItemsAPI" name="test_items_have_category_fields" time="0.111" /></testsuite></testsuites>