<?xml version="1.0" encoding="utf-8"?><testsuites name="pytest tests"><testsuite name="pytest" errors="0" failures="0" skipped="0" tests="7" time="3.822" timestamp="2026-03-26T16:38:15.124573+00:00" hostname="agent-env-b144052c-deb8-44fc-a80e-2c1fb9d07c76"><testcase classname="backend.tests.test_pending_items_display.TestAdminPendingItemsAPI" name="test_get_pending_items_for_customer_with_pending" time="0.520" /><testcase classname="backend.tests.test_pending_items_display.TestAdminPendingItemsAPI" name="test_get_pending_items_for_customer_without_pending" time="0.518" /><testcase classname="backend.tests.test_pending_items_display.TestAdminPendingItemsAPI" name="test_customer_search_returns_customer_data" time="0.513" /><testcase classname="backend.tests.test_pending_items_display.TestMRPendingItemsAPI" name="test_get_mr_pending_items_for_customer" time="0.520" /><testcase classname="backend.tests.test_pending_items_display.TestMRPendingItemsAPI" name="test_mr_customers_endpoint_returns_customers" time="0.548" /><testcase classname="backend.tests.test_pending_items_display.TestPendingItemsDataIntegrity" name="test_pending_items_have_valid_item_references" time="0.606" /><testcase classname="backend.tests.test_pending_items_display.TestPendingItemsDataIntegrity" name="test_pending_items_stats_endpoint" time="0.521" /></testsuite></testsuites>