<?xml version="1.0" encoding="utf-8"?><testsuites name="pytest tests"><testsuite name="pytest" errors="0" failures="0" skipped="0" tests="9" time="3.079" timestamp="2026-02-12T16:52:04.044333+00:00" hostname="agent-env-940b21e7-bb62-43be-b529-b0dec54beb61"><testcase classname="tests.test_payment_tracking.TestPaymentTrackingAPI" name="test_01_create_order_for_payment_test" time="0.366" /><testcase classname="tests.test_payment_tracking.TestPaymentTrackingAPI" name="test_02_update_to_ready_with_to_pay_mode" time="0.405" /><testcase classname="tests.test_payment_tracking.TestPaymentTrackingAPI" name="test_03_create_order_for_paid_mode" time="0.310" /><testcase classname="tests.test_payment_tracking.TestPaymentTrackingAPI" name="test_04_update_to_ready_with_paid_mode" time="0.340" /><testcase classname="tests.test_payment_tracking.TestPaymentTrackingAPI" name="test_05_ship_order_creates_expense" time="0.349" /><testcase classname="tests.test_payment_tracking.TestPaymentTrackingAPI" name="test_06_expense_has_transport_details" time="0.272" /><testcase classname="tests.test_payment_tracking.TestPaymentTrackingAPI" name="test_07_to_pay_does_not_create_expense" time="0.325" /><testcase classname="tests.test_payment_tracking.TestPaymentTrackingAPI" name="test_08_payment_amount_in_order_response" time="0.274" /><testcase classname="tests.test_payment_tracking.TestPaymentTrackingAPI" name="test_09_expense_account_variations" time="0.372" /></testsuite></testsuites>