<?xml version="1.0" encoding="utf-8"?><testsuites name="pytest tests"><testsuite name="pytest" errors="0" failures="0" skipped="0" tests="17" time="6.929" timestamp="2026-03-30T07:52:39.875639+00:00" hostname="agent-env-59cb9634-ba81-4692-84ca-d8b91f996093"><testcase classname="backend.tests.test_database_management.TestDatabaseManagement" name="test_get_backup_settings" time="0.433" /><testcase classname="backend.tests.test_database_management.TestDatabaseManagement" name="test_update_backup_settings" time="0.413" /><testcase classname="backend.tests.test_database_management.TestDatabaseManagement" name="test_get_backup_history" time="0.369" /><testcase classname="backend.tests.test_database_management.TestDatabaseManagement" name="test_export_database" time="0.379" /><testcase classname="backend.tests.test_database_management.TestDatabaseManagement" name="test_export_database_unauthorized" time="0.417" /><testcase classname="backend.tests.test_database_management.TestDatabaseManagement" name="test_delete_email_logs" time="0.378" /><testcase classname="backend.tests.test_database_management.TestDatabaseManagement" name="test_delete_email_logs_unauthorized" time="0.428" /><testcase classname="backend.tests.test_database_management.TestDatabaseManagement" name="test_delete_whatsapp_logs" time="0.364" /><testcase classname="backend.tests.test_database_management.TestDatabaseManagement" name="test_delete_whatsapp_logs_unauthorized" time="0.471" /><testcase classname="backend.tests.test_database_management.TestDatabaseManagement" name="test_factory_reset" time="0.385" /><testcase classname="backend.tests.test_database_management.TestDatabaseManagement" name="test_factory_reset_unauthorized" time="0.470" /><testcase classname="backend.tests.test_database_management.TestDatabaseManagement" name="test_send_email_backup" time="0.391" /><testcase classname="backend.tests.test_database_management.TestDatabaseManagement" name="test_send_email_backup_unauthorized" time="0.447" /><testcase classname="backend.tests.test_database_management.TestDatabaseManagement" name="test_trigger_backup" time="0.367" /><testcase classname="backend.tests.test_database_management.TestDatabaseManagement" name="test_trigger_backup_unauthorized" time="0.475" /><testcase classname="backend.tests.test_database_management.TestAdminLogin" name="test_admin_login_success" time="0.340" /><testcase classname="backend.tests.test_database_management.TestAdminLogin" name="test_admin_login_wrong_password" time="0.325" /></testsuite></testsuites>