<?xml version="1.0" encoding="utf-8"?><testsuites name="pytest tests"><testsuite name="pytest" errors="0" failures="0" skipped="0" tests="14" time="7.524" timestamp="2026-02-15T02:31:35.893088+00:00" hostname="agent-env-6ee2991b-adc1-4bfb-94ce-109bd851a6c9"><testcase classname="backend.tests.test_order_status_update.TestOrderStatusUpdate" name="test_01_create_test_order" time="0.667" /><testcase classname="backend.tests.test_order_status_update.TestOrderStatusUpdate" name="test_02_get_or_create_transport" time="0.117" /><testcase classname="backend.tests.test_order_status_update.TestOrderStatusUpdate" name="test_03_update_pending_to_confirmed" time="0.275" /><testcase classname="backend.tests.test_order_status_update.TestOrderStatusUpdate" name="test_04_update_confirmed_to_ready_to_despatch_with_to_pay" time="0.500" /><testcase classname="backend.tests.test_order_status_update.TestOrderStatusUpdate" name="test_05_update_ready_to_despatch_to_shipped" time="0.240" /><testcase classname="backend.tests.test_order_status_update.TestOrderStatusUpdate" name="test_06_update_shipped_to_delivered" time="0.284" /><testcase classname="backend.tests.test_order_status_update.TestOrderStatusUpdate" name="test_07_create_second_order_for_paid_mode_test" time="0.218" /><testcase classname="backend.tests.test_order_status_update.TestOrderStatusUpdate" name="test_08_update_to_ready_to_despatch_with_paid_mode" time="0.339" /><testcase classname="backend.tests.test_order_status_update.TestOrderStatusUpdate" name="test_09_ship_paid_order_creates_expense" time="2.693" /><testcase classname="backend.tests.test_order_status_update.TestOrderStatusUpdate" name="test_10_create_order_for_cancellation" time="0.216" /><testcase classname="backend.tests.test_order_status_update.TestOrderStatusUpdate" name="test_11_update_to_cancelled_with_reason" time="0.270" /><testcase classname="backend.tests.test_order_status_update.TestOrderStatusUpdate" name="test_12_verify_empty_string_to_null_conversion" time="0.458" /><testcase classname="backend.tests.test_order_status_update.TestOrderStatusUpdate" name="test_13_test_with_actual_numeric_values" time="0.636" /><testcase classname="backend.tests.test_order_status_update.TestCleanup" name="test_cleanup" time="0.527" /></testsuite></testsuites>