<?xml version="1.0" encoding="utf-8"?><testsuites name="pytest tests"><testsuite name="pytest" errors="0" failures="0" skipped="0" tests="21" time="4.287" timestamp="2026-04-10T09:27:52.971606+00:00" hostname="agent-env-59cb9634-ba81-4692-84ca-d8b91f996093"><testcase classname="backend.tests.test_items_inventory_merged.TestItemsAPI" name="test_get_items_list" time="0.553" /><testcase classname="backend.tests.test_items_inventory_merged.TestItemsAPI" name="test_create_item" time="0.136" /><testcase classname="backend.tests.test_items_inventory_merged.TestItemsAPI" name="test_update_item" time="0.327" /><testcase classname="backend.tests.test_items_inventory_merged.TestItemsAPI" name="test_delete_item" time="0.204" /><testcase classname="backend.tests.test_items_inventory_merged.TestStockAvailability" name="test_get_stock_availability" time="0.106" /><testcase classname="backend.tests.test_items_inventory_merged.TestStockStatus" name="test_get_stock_status" time="0.122" /><testcase classname="backend.tests.test_items_inventory_merged.TestOpeningBalance" name="test_get_opening_balances" time="0.141" /><testcase classname="backend.tests.test_items_inventory_merged.TestOpeningBalance" name="test_set_opening_balance_bulk" time="0.207" /><testcase classname="backend.tests.test_items_inventory_merged.TestPurchases" name="test_get_purchases" time="0.104" /><testcase classname="backend.tests.test_items_inventory_merged.TestPurchases" name="test_create_purchase" time="0.355" /><testcase classname="backend.tests.test_items_inventory_merged.TestSuppliers" name="test_get_suppliers" time="0.102" /><testcase classname="backend.tests.test_items_inventory_merged.TestSuppliers" name="test_create_supplier" time="0.111" /><testcase classname="backend.tests.test_items_inventory_merged.TestSuppliers" name="test_update_supplier" time="0.338" /><testcase classname="backend.tests.test_items_inventory_merged.TestSuppliers" name="test_delete_supplier" time="0.207" /><testcase classname="backend.tests.test_items_inventory_merged.TestItemLedger" name="test_get_item_ledger" time="0.208" /><testcase classname="backend.tests.test_items_inventory_merged.TestUserLedger" name="test_get_user_ledger_by_phone" time="0.114" /><testcase classname="backend.tests.test_items_inventory_merged.TestUserLedger" name="test_get_user_ledger_by_name" time="0.102" /><testcase classname="backend.tests.test_items_inventory_merged.TestSalesReturn" name="test_create_sales_return" time="0.201" /><testcase classname="backend.tests.test_items_inventory_merged.TestRouteVerification" name="test_stock_route_removed" time="0.101" /><testcase classname="backend.tests.test_items_inventory_merged.TestCleanup" name="test_cleanup_test_items" time="0.221" /><testcase classname="backend.tests.test_items_inventory_merged.TestCleanup" name="test_cleanup_test_suppliers" time="0.250" /></testsuite></testsuites>