<?xml version="1.0" encoding="utf-8"?><testsuites name="pytest tests"><testsuite name="pytest" errors="0" failures="0" skipped="0" tests="11" time="5.446" timestamp="2026-02-27T18:34:05.789405+00:00" hostname="agent-env-fb81413e-ce05-442e-8fc8-dbeba9467f0f"><testcase classname="tests.test_admin_profile_backup.TestAdminProfile" name="test_get_current_user" time="0.597" /><testcase classname="tests.test_admin_profile_backup.TestAdminProfile" name="test_update_admin_profile" time="0.258" /><testcase classname="tests.test_admin_profile_backup.TestAdminProfile" name="test_update_profile_email_taken" time="0.057" /><testcase classname="tests.test_admin_profile_backup.TestAdminProfile" name="test_change_password_wrong_current" time="0.283" /><testcase classname="tests.test_admin_profile_backup.TestAdminProfile" name="test_change_password_success" time="1.023" /><testcase classname="tests.test_admin_profile_backup.TestDatabaseBackup" name="test_get_backup_settings" time="0.069" /><testcase classname="tests.test_admin_profile_backup.TestDatabaseBackup" name="test_update_backup_settings" time="0.178" /><testcase classname="tests.test_admin_profile_backup.TestDatabaseBackup" name="test_get_backup_history" time="0.064" /><testcase classname="tests.test_admin_profile_backup.TestDatabaseBackup" name="test_export_database" time="0.145" /><testcase classname="tests.test_admin_profile_backup.TestDatabaseBackup" name="test_trigger_backup" time="2.132" /><testcase classname="tests.test_admin_profile_backup.TestSidebarNavigation" name="test_company_section_routes_exist" time="0.490" /></testsuite></testsuites>