<?xml version="1.0" encoding="utf-8"?><testsuites name="pytest tests"><testsuite name="pytest" errors="0" failures="0" skipped="2" tests="15" time="1.706" timestamp="2026-04-10T15:54:52.436630+00:00" hostname="agent-env-59cb9634-ba81-4692-84ca-d8b91f996093"><testcase classname="backend.tests.test_customer_ledger.TestCustomerLedger" name="test_01_search_doctors" time="0.418" /><testcase classname="backend.tests.test_customer_ledger.TestCustomerLedger" name="test_02_search_medicals" time="0.060" /><testcase classname="backend.tests.test_customer_ledger.TestCustomerLedger" name="test_03_search_agencies" time="0.050" /><testcase classname="backend.tests.test_customer_ledger.TestCustomerLedger" name="test_04_get_all_doctors_for_ledger" time="0.057" /><testcase classname="backend.tests.test_customer_ledger.TestCustomerLedger" name="test_05_get_ledger_for_doctor" time="0.112" /><testcase classname="backend.tests.test_customer_ledger.TestCustomerLedger" name="test_06_get_ledger_with_date_filter" time="0.104" /><testcase classname="backend.tests.test_customer_ledger.TestCustomerLedger" name="test_07_update_opening_balance" time="0.261" /><testcase classname="backend.tests.test_customer_ledger.TestCustomerLedger" name="test_08_ledger_entry_types" time="0.101" /><testcase classname="backend.tests.test_customer_ledger.TestCustomerLedger" name="test_09_ledger_running_balance" time="0.113" /><testcase classname="backend.tests.test_customer_ledger.TestCustomerLedger" name="test_10_ledger_for_medical" time="0.108"><skipped type="pytest.skip" message="No medicals in database">/app/backend/tests/test_customer_ledger.py:235: No medicals in database</skipped></testcase><testcase classname="backend.tests.test_customer_ledger.TestCustomerLedger" name="test_11_ledger_for_agency" time="0.053"><skipped type="pytest.skip" message="No agencies in database">/app/backend/tests/test_customer_ledger.py:257: No agencies in database</skipped></testcase><testcase classname="backend.tests.test_customer_ledger.TestCustomerLedger" name="test_12_invalid_customer_type" time="0.052" /><testcase classname="backend.tests.test_customer_ledger.TestCustomerLedger" name="test_13_nonexistent_customer" time="0.054" /><testcase classname="backend.tests.test_customer_ledger.TestCustomerLedger" name="test_14_outstanding_api" time="0.059" /><testcase classname="backend.tests.test_customer_ledger.TestCustomerLedger" name="test_15_outstanding_filter_by_type" time="0.050" /></testsuite></testsuites>