<?xml version="1.0" encoding="utf-8"?><testsuites name="pytest tests"><testsuite name="pytest" errors="0" failures="0" skipped="0" tests="7" time="2.928" timestamp="2026-03-23T19:15:32.079181+00:00" hostname="agent-env-6c7024b4-69ed-43e3-9eed-5115fbe6ff91"><testcase classname="backend.tests.test_rate_field.TestOrderItemModel" name="test_order_item_has_rate_field" time="0.541" /><testcase classname="backend.tests.test_rate_field.TestAdminManualOrderWithRate" name="test_create_manual_order_with_custom_rate" time="0.311" /><testcase classname="backend.tests.test_rate_field.TestAdminManualOrderWithRate" name="test_create_manual_order_with_multiple_items_different_rates" time="0.241" /><testcase classname="backend.tests.test_rate_field.TestAdminUpdateOrderItemsRate" name="test_update_order_item_rate" time="0.321" /><testcase classname="backend.tests.test_rate_field.TestMROrderWithRate" name="test_mr_create_order_with_custom_rate" time="0.782" /><testcase classname="backend.tests.test_rate_field.TestMROrderWithRate" name="test_mr_create_order_with_zero_rate" time="0.368" /><testcase classname="backend.tests.test_rate_field.TestMRPFieldImmutability" name="test_mrp_stored_separately_from_rate" time="0.294" /></testsuite></testsuites>