<?xml version="1.0" encoding="utf-8"?><testsuites name="pytest tests"><testsuite name="pytest" errors="0" failures="3" skipped="0" tests="16" time="2.270" timestamp="2026-02-05T16:21:27.983937+00:00" hostname="agent-env-526127b6-4cf3-4e0f-89e0-eba248c8f437"><testcase classname="backend.tests.test_users_whatsapp.TestAuthentication" name="test_login_success" time="0.289" /><testcase classname="backend.tests.test_users_whatsapp.TestAuthentication" name="test_login_invalid_credentials" time="0.038" /><testcase classname="backend.tests.test_users_whatsapp.TestAuthentication" name="test_get_current_user" time="0.297" /><testcase classname="backend.tests.test_users_whatsapp.TestUserManagement" name="test_get_all_users" time="0.040" /><testcase classname="backend.tests.test_users_whatsapp.TestUserManagement" name="test_create_user" time="0.265"><failure message="AssertionError: Failed to create user: {&quot;id&quot;:&quot;974be702-bbd1-4380-8e3f-a16b62dbf865&quot;,&quot;email&quot;:&quot;test_create_user@example.com&quot;,&quot;name&quot;:&quot;TEST_User_Create&quot;,&quot;role&quot;:&quot;staff&quot;,&quot;permissions&quot;:{&quot;doctors&quot;:true,&quot;medicals&quot;:true,&quot;agencies&quot;:false,&quot;items&quot;:true,&quot;orders&quot;:true,&quot;expenses&quot;:false,&quot;reminders&quot;:true,&quot;pending_items&quot;:false,&quot;email_logs&quot;:false,&quot;whatsapp_logs&quot;:false,&quot;users&quot;:false,&quot;smtp_settings&quot;:false,&quot;company_settings&quot;:false,&quot;whatsapp_settings&quot;:false},&quot;created_at&quot;:&quot;2026-02-05T16:21:28.735775+00:00&quot;}&#10;assert 200 == 201&#10; +  where 200 = &lt;Response [200]&gt;.status_code">backend/tests/test_users_whatsapp.py:126: in test_create_user
    assert response.status_code == 201, f"Failed to create user: {response.text}"
E   AssertionError: Failed to create user: {"id":"974be702-bbd1-4380-8e3f-a16b62dbf865","email":"test_create_user@example.com","name":"TEST_User_Create","role":"staff","permissions":{"doctors":true,"medicals":true,"agencies":false,"items":true,"orders":true,"expenses":false,"reminders":true,"pending_items":false,"email_logs":false,"whatsapp_logs":false,"users":false,"smtp_settings":false,"company_settings":false,"whatsapp_settings":false},"created_at":"2026-02-05T16:21:28.735775+00:00"}
E   assert 200 == 201
E    +  where 200 = &lt;Response [200]&gt;.status_code</failure></testcase><testcase classname="backend.tests.test_users_whatsapp.TestUserManagement" name="test_get_single_user" time="0.077" /><testcase classname="backend.tests.test_users_whatsapp.TestUserManagement" name="test_update_user" time="0.300"><failure message="assert 200 == 201&#10; +  where 200 = &lt;Response [200]&gt;.status_code">backend/tests/test_users_whatsapp.py:170: in test_update_user
    assert create_resp.status_code == 201
E   assert 200 == 201
E    +  where 200 = &lt;Response [200]&gt;.status_code</failure></testcase><testcase classname="backend.tests.test_users_whatsapp.TestUserManagement" name="test_delete_user" time="0.299"><failure message="assert 200 == 201&#10; +  where 200 = &lt;Response [200]&gt;.status_code">backend/tests/test_users_whatsapp.py:229: in test_delete_user
    assert create_resp.status_code == 201
E   assert 200 == 201
E    +  where 200 = &lt;Response [200]&gt;.status_code</failure></testcase><testcase classname="backend.tests.test_users_whatsapp.TestUserManagement" name="test_cannot_delete_self" time="0.078" /><testcase classname="backend.tests.test_users_whatsapp.TestUserManagement" name="test_duplicate_email_rejected" time="0.038" /><testcase classname="backend.tests.test_users_whatsapp.TestWhatsAppLogs" name="test_get_whatsapp_logs" time="0.039" /><testcase classname="backend.tests.test_users_whatsapp.TestWhatsAppLogs" name="test_get_whatsapp_logs_with_filters" time="0.153" /><testcase classname="backend.tests.test_users_whatsapp.TestWhatsAppLogs" name="test_get_whatsapp_logs_stats" time="0.041" /><testcase classname="backend.tests.test_users_whatsapp.TestPublicCompanySettings" name="test_get_public_company_settings" time="0.038" /><testcase classname="backend.tests.test_users_whatsapp.TestCompanySettingsLoginTab" name="test_get_company_settings" time="0.038" /><testcase classname="backend.tests.test_users_whatsapp.TestCleanup" name="test_cleanup_test_users" time="0.155" /></testsuite></testsuites>