<?xml version="1.0" encoding="utf-8"?><testsuites name="pytest tests"><testsuite name="pytest" errors="0" failures="2" skipped="0" tests="8" time="2.572" timestamp="2026-02-12T16:32:28.407131+00:00" hostname="agent-env-940b21e7-bb62-43be-b529-b0dec54beb61"><testcase classname="backend.tests.test_add_order_enhancements.TestAddOrderEnhancements" name="test_1_create_order_with_scheme_quantity" time="0.355" /><testcase classname="backend.tests.test_add_order_enhancements.TestAddOrderEnhancements" name="test_2_create_order_with_pending_items" time="0.347"><failure message="AssertionError: Get pending items failed: Internal Server Error&#10;assert 520 == 200&#10; +  where 520 = &lt;Response [520]&gt;.status_code">backend/tests/test_add_order_enhancements.py:127: in test_2_create_order_with_pending_items
    assert pending_response.status_code == 200, f"Get pending items failed: {pending_response.text}"
E   AssertionError: Get pending items failed: Internal Server Error
E   assert 520 == 200
E    +  where 520 = &lt;Response [520]&gt;.status_code</failure></testcase><testcase classname="backend.tests.test_add_order_enhancements.TestAddOrderEnhancements" name="test_3_create_order_with_multiple_pending_items" time="0.326"><failure message="assert 520 == 200&#10; +  where 520 = &lt;Response [520]&gt;.status_code">backend/tests/test_add_order_enhancements.py:194: in test_3_create_order_with_multiple_pending_items
    assert pending_response.status_code == 200
E   assert 520 == 200
E    +  where 520 = &lt;Response [520]&gt;.status_code</failure></testcase><testcase classname="backend.tests.test_add_order_enhancements.TestAddOrderEnhancements" name="test_4_items_api_returns_rate_mrp_gst" time="0.293" /><testcase classname="backend.tests.test_add_order_enhancements.TestAddOrderEnhancements" name="test_5_orders_api_supports_string_quantity" time="0.296" /><testcase classname="backend.tests.test_add_order_enhancements.TestManualOrderCreateModel" name="test_1_order_without_pending_items" time="0.294" /><testcase classname="backend.tests.test_add_order_enhancements.TestManualOrderCreateModel" name="test_2_order_with_empty_pending_items" time="0.309" /><testcase classname="backend.tests.test_add_order_enhancements.TestCleanup" name="test_cleanup" time="0.275" /></testsuite></testsuites>