<?xml version="1.0" encoding="utf-8"?><testsuites name="pytest tests"><testsuite name="pytest" errors="0" failures="1" skipped="0" tests="17" time="10.362" timestamp="2026-02-17T18:50:25.781069+00:00" hostname="agent-env-ddac6ad4-276c-41e9-a130-c0356cd5047c"><testcase classname="backend.tests.test_customer_portal.TestCustomerPortalAPIs" name="test_01_customer_send_otp" time="0.587" /><testcase classname="backend.tests.test_customer_portal.TestCustomerPortalAPIs" name="test_02_customer_send_otp_invalid_phone" time="0.650" /><testcase classname="backend.tests.test_customer_portal.TestCustomerPortalAPIs" name="test_03_customer_login_invalid_credentials" time="0.510" /><testcase classname="backend.tests.test_customer_portal.TestCustomerPortalAPIs" name="test_04_get_customers_list" time="0.558" /><testcase classname="backend.tests.test_customer_portal.TestCustomerPortalAPIs" name="test_05_get_customers_unauthenticated" time="0.502" /><testcase classname="backend.tests.test_customer_portal.TestCustomerPortalAPIs" name="test_06_get_customers_with_filters" time="0.901" /><testcase classname="backend.tests.test_customer_portal.TestCustomerPortalAPIs" name="test_07_get_support_tickets" time="0.630" /><testcase classname="backend.tests.test_customer_portal.TestCustomerPortalAPIs" name="test_08_get_support_tickets_unauthenticated" time="0.511" /><testcase classname="backend.tests.test_customer_portal.TestCustomerPortalAPIs" name="test_09_get_support_tickets_with_filters" time="0.986" /><testcase classname="backend.tests.test_customer_portal.TestCustomerPortalAPIs" name="test_10_get_items" time="0.511" /><testcase classname="backend.tests.test_customer_portal.TestCustomerPortalAPIs" name="test_11_create_item_with_role_pricing" time="0.581" /><testcase classname="backend.tests.test_customer_portal.TestCustomerPortalAPIs" name="test_12_get_item_verifies_role_pricing" time="0.506" /><testcase classname="backend.tests.test_customer_portal.TestCustomerPortalAPIs" name="test_13_update_item_role_pricing" time="0.496"><failure message="AssertionError: assert None == 78.0&#10; +  where None = &lt;built-in method get of dict object at 0xfde8a2749c80&gt;('rate_doctors')&#10; +    where &lt;built-in method get of dict object at 0xfde8a2749c80&gt; = {'composition': 'Test Composition', 'created_at': '2026-02-17T18:50:32.865906Z', 'custom_fields': [], 'gst': 12.0, ...}.get">backend/tests/test_customer_portal.py:209: in test_13_update_item_role_pricing
    assert data.get("rate_doctors") == 78.00
E   AssertionError: assert None == 78.0
E    +  where None = &lt;built-in method get of dict object at 0xfde8a2749c80&gt;('rate_doctors')
E    +    where &lt;built-in method get of dict object at 0xfde8a2749c80&gt; = {'composition': 'Test Composition', 'created_at': '2026-02-17T18:50:32.865906Z', 'custom_fields': [], 'gst': 12.0, ...}.get</failure></testcase><testcase classname="backend.tests.test_customer_portal.TestCustomerPortalAPIs" name="test_14_get_transports" time="0.503" /><testcase classname="backend.tests.test_customer_portal.TestCustomerPortalAPIs" name="test_15_get_states" time="0.717" /><testcase classname="backend.tests.test_customer_portal.TestCustomerPortalAPIs" name="test_16_get_districts" time="0.507" /><testcase classname="backend.tests.test_customer_portal.TestCustomerPortalAPIs" name="test_99_cleanup" time="0.492" /></testsuite></testsuites>