<?xml version="1.0" encoding="utf-8"?><testsuites name="pytest tests"><testsuite name="pytest" errors="0" failures="0" skipped="0" tests="14" time="10.960" timestamp="2026-04-09T05:42:14.165958+00:00" hostname="agent-env-59cb9634-ba81-4692-84ca-d8b91f996093"><testcase classname="backend.tests.test_security_hardening.TestHealthEndpoint" name="test_health_returns_healthy" time="0.228" /><testcase classname="backend.tests.test_security_hardening.TestAdminLogin" name="test_admin_login_success" time="0.368" /><testcase classname="backend.tests.test_security_hardening.TestAdminLogin" name="test_admin_login_wrong_password" time="0.331" /><testcase classname="backend.tests.test_security_hardening.TestAdminBruteForceProtection" name="test_admin_brute_force_lockout" time="0.642" /><testcase classname="backend.tests.test_security_hardening.TestCustomerLogin" name="test_customer_login_success" time="0.350" /><testcase classname="backend.tests.test_security_hardening.TestCustomerLogin" name="test_customer_login_wrong_password" time="0.337" /><testcase classname="backend.tests.test_security_hardening.TestCustomerBruteForceProtection" name="test_customer_brute_force_lockout" time="0.663" /><testcase classname="backend.tests.test_security_hardening.TestMRLogin" name="test_mr_login_success" time="0.126" /><testcase classname="backend.tests.test_security_hardening.TestMRBruteForceProtection" name="test_mr_brute_force_lockout" time="0.691" /><testcase classname="backend.tests.test_security_hardening.TestOTPRateLimiting" name="test_otp_send_rate_limit" time="5.330" /><testcase classname="backend.tests.test_security_hardening.TestOTPVerifyBruteForce" name="test_otp_verify_brute_force_lockout" time="0.677" /><testcase classname="backend.tests.test_security_hardening.TestCustomerChangePasswordRegression" name="test_change_password_requires_auth" time="0.113" /><testcase classname="backend.tests.test_security_hardening.TestCustomerChangePasswordRegression" name="test_change_password_with_auth" time="0.699" /><testcase classname="backend.tests.test_security_hardening.TestJWTSecretRequired" name="test_jwt_secret_is_set" time="0.338" /></testsuite></testsuites>