<?xml version="1.0" encoding="utf-8"?><testsuites name="pytest tests"><testsuite name="pytest" errors="0" failures="0" skipped="0" tests="12" time="8.752" timestamp="2026-03-12T16:14:31.977601+00:00" hostname="agent-env-35a828c2-ac63-4d6a-8149-a2da265eb319"><testcase classname="backend.tests.test_ledger_whatsapp.TestOutstandingAPI" name="test_get_outstanding_all" time="0.605" /><testcase classname="backend.tests.test_ledger_whatsapp.TestOutstandingAPI" name="test_get_outstanding_doctor_type" time="0.473" /><testcase classname="backend.tests.test_ledger_whatsapp.TestOutstandingAPI" name="test_get_outstanding_medical_type" time="0.483" /><testcase classname="backend.tests.test_ledger_whatsapp.TestOutstandingAPI" name="test_get_outstanding_agency_type" time="0.445" /><testcase classname="backend.tests.test_ledger_whatsapp.TestLedgerAPI" name="test_get_ledger_for_doctor" time="0.746" /><testcase classname="backend.tests.test_ledger_whatsapp.TestLedgerAPI" name="test_whatsapp_ledger_endpoint_exists" time="2.869" /><testcase classname="backend.tests.test_ledger_whatsapp.TestRemindersAPI" name="test_get_reminders_today" time="0.513" /><testcase classname="backend.tests.test_ledger_whatsapp.TestRemindersAPI" name="test_get_reminders_all" time="0.514" /><testcase classname="backend.tests.test_ledger_whatsapp.TestRemindersAPI" name="test_get_reminders_incomplete" time="0.476" /><testcase classname="backend.tests.test_ledger_whatsapp.TestRemindersAPI" name="test_create_reminder" time="0.593" /><testcase classname="backend.tests.test_ledger_whatsapp.TestDoctorsWithOutstanding" name="test_get_doctors" time="0.454" /><testcase classname="backend.tests.test_ledger_whatsapp.TestDoctorsWithOutstanding" name="test_doctor_dr_dhivahar_outstanding" time="0.517" /></testsuite></testsuites>