<?xml version="1.0" encoding="utf-8"?><testsuites name="pytest tests"><testsuite name="pytest" errors="0" failures="0" skipped="0" tests="13" time="9.689" timestamp="2026-03-26T17:37:30.618740+00:00" hostname="agent-env-b144052c-deb8-44fc-a80e-2c1fb9d07c76"><testcase classname="backend.tests.test_aknexus_integration.TestAKNexusConfigExists" name="test_aknexus_config_exists_with_rest_api_type" time="0.623" /><testcase classname="backend.tests.test_aknexus_integration.TestAKNexusConfigExists" name="test_aknexus_config_has_correct_instance_id" time="0.116" /><testcase classname="backend.tests.test_aknexus_integration.TestAKNexusConfigExists" name="test_aknexus_config_is_active" time="0.119" /><testcase classname="backend.tests.test_aknexus_integration.TestAKNexusAPITest" name="test_active_config_test_sends_via_aknexus" time="1.598" /><testcase classname="backend.tests.test_aknexus_integration.TestAKNexusAPITest" name="test_per_config_test_aknexus" time="1.650" /><testcase classname="backend.tests.test_aknexus_integration.TestAKNexusAPITest" name="test_per_config_test_botmaster" time="1.403" /><testcase classname="backend.tests.test_aknexus_integration.TestAKNexusResponseFormat" name="test_aknexus_response_contains_status_success" time="1.688" /><testcase classname="backend.tests.test_aknexus_integration.TestAKNexusResponseFormat" name="test_botmaster_response_contains_success_true" time="1.458" /><testcase classname="backend.tests.test_aknexus_integration.TestDualConfigDisplay" name="test_get_all_configs_returns_both" time="0.133" /><testcase classname="backend.tests.test_aknexus_integration.TestDualConfigDisplay" name="test_aknexus_has_rest_api_fields" time="0.440" /><testcase classname="backend.tests.test_aknexus_integration.TestDualConfigDisplay" name="test_botmaster_has_query_param_fields" time="0.108" /><testcase classname="backend.tests.test_aknexus_integration.TestConfigActivation" name="test_only_one_config_active" time="0.117" /><testcase classname="backend.tests.test_aknexus_integration.TestConfigActivation" name="test_aknexus_is_currently_active" time="0.169" /></testsuite></testsuites>