<?xml version="1.0" encoding="utf-8"?><testsuites name="pytest tests"><testsuite name="pytest" errors="0" failures="0" skipped="0" tests="28" time="3.955" timestamp="2026-03-30T08:21:45.584879+00:00" hostname="agent-env-59cb9634-ba81-4692-84ca-d8b91f996093"><testcase classname="tests.test_refactored_routes.TestHealthAndAuth" name="test_health_endpoint" time="0.150" /><testcase classname="tests.test_refactored_routes.TestHealthAndAuth" name="test_root_endpoint" time="0.100" /><testcase classname="tests.test_refactored_routes.TestHealthAndAuth" name="test_admin_login_success" time="0.325" /><testcase classname="tests.test_refactored_routes.TestHealthAndAuth" name="test_admin_login_wrong_password" time="0.318" /><testcase classname="tests.test_refactored_routes.TestDashboard" name="test_dashboard_stats" time="0.428" /><testcase classname="tests.test_refactored_routes.TestDashboard" name="test_dashboard_stats_unauthorized" time="0.102" /><testcase classname="tests.test_refactored_routes.TestDoctors" name="test_get_doctors" time="0.098" /><testcase classname="tests.test_refactored_routes.TestDoctors" name="test_get_doctors_unauthorized" time="0.103" /><testcase classname="tests.test_refactored_routes.TestMedicals" name="test_get_medicals" time="0.098" /><testcase classname="tests.test_refactored_routes.TestAgencies" name="test_get_agencies" time="0.105" /><testcase classname="tests.test_refactored_routes.TestItems" name="test_get_items" time="0.108" /><testcase classname="tests.test_refactored_routes.TestOrders" name="test_get_orders" time="0.100" /><testcase classname="tests.test_refactored_routes.TestEmailLogs" name="test_get_email_logs" time="0.106" /><testcase classname="tests.test_refactored_routes.TestWhatsAppLogs" name="test_get_whatsapp_logs" time="0.105" /><testcase classname="tests.test_refactored_routes.TestReminders" name="test_get_reminders" time="0.101" /><testcase classname="tests.test_refactored_routes.TestExpenses" name="test_get_expenses" time="0.121" /><testcase classname="tests.test_refactored_routes.TestDatabase" name="test_get_backup_settings" time="0.121" /><testcase classname="tests.test_refactored_routes.TestDatabase" name="test_get_backup_history" time="0.103" /><testcase classname="tests.test_refactored_routes.TestAnalytics" name="test_get_analytics_reports" time="0.117" /><testcase classname="tests.test_refactored_routes.TestTransports" name="test_get_transports" time="0.112" /><testcase classname="tests.test_refactored_routes.TestMarketing" name="test_get_marketing_templates" time="0.106" /><testcase classname="tests.test_refactored_routes.TestMessageTemplates" name="test_get_message_templates" time="0.097" /><testcase classname="tests.test_refactored_routes.TestPendingItems" name="test_get_pending_items" time="0.106" /><testcase classname="tests.test_refactored_routes.TestGreetingTemplates" name="test_get_greeting_templates" time="0.110" /><testcase classname="tests.test_refactored_routes.TestUsers" name="test_get_users" time="0.111" /><testcase classname="tests.test_refactored_routes.TestMRs" name="test_get_mrs" time="0.098" /><testcase classname="tests.test_refactored_routes.TestFollowups" name="test_get_followups_by_entity" time="0.213" /><testcase classname="tests.test_refactored_routes.TestCompanySettings" name="test_get_company_settings" time="0.105" /></testsuite></testsuites>