<?xml version="1.0" encoding="utf-8"?><testsuites name="pytest tests"><testsuite name="pytest" errors="0" failures="0" skipped="2" tests="16" time="3.304" timestamp="2026-04-06T07:25:02.365828+00:00" hostname="agent-env-59cb9634-ba81-4692-84ca-d8b91f996093"><testcase classname="tests.test_iteration_54.TestHealthCheck" name="test_health_endpoint" time="0.186" /><testcase classname="tests.test_iteration_54.TestAdminAuth" name="test_admin_login" time="0.321" /><testcase classname="tests.test_iteration_54.TestCustomerAuth" name="test_customer_login" time="0.098"><skipped type="pytest.skip" message="Customer credentials invalid or customer not found: {&quot;detail&quot;:&quot;Invalid phone or password&quot;}">/app/backend/tests/test_iteration_54.py:102: Customer credentials invalid or customer not found: {"detail":"Invalid phone or password"}</skipped></testcase><testcase classname="tests.test_iteration_54.TestTransportCRUD" name="test_get_transports" time="0.435" /><testcase classname="tests.test_iteration_54.TestTransportCRUD" name="test_create_transport" time="0.113" /><testcase classname="tests.test_iteration_54.TestTransportCRUD" name="test_update_transport" time="0.307" /><testcase classname="tests.test_iteration_54.TestTransportCRUD" name="test_update_transport_not_found" time="0.099" /><testcase classname="tests.test_iteration_54.TestMarketingCampaignDelete" name="test_delete_campaign_cascade" time="0.418" /><testcase classname="tests.test_iteration_54.TestMarketingCampaignDelete" name="test_delete_campaign_not_found" time="0.104" /><testcase classname="tests.test_iteration_54.TestCustomerItemsSorting" name="test_customer_items_sorted_alphabetically" time="0.102"><skipped type="pytest.skip" message="Customer authentication failed: 401 - {&quot;detail&quot;:&quot;Invalid phone or password&quot;}">/app/backend/tests/test_iteration_54.py:248: Customer authentication failed: 401 - {"detail":"Invalid phone or password"}</skipped></testcase><testcase classname="tests.test_iteration_54.TestOrderItemsUpdate" name="test_get_orders" time="0.111" /><testcase classname="tests.test_iteration_54.TestOrderItemsUpdate" name="test_order_items_update_with_scheme_qty" time="0.208" /><testcase classname="tests.test_iteration_54.TestOrderItemsUpdate" name="test_order_items_update_with_text_qty" time="0.197" /><testcase classname="tests.test_iteration_54.TestOrderItemsUpdate" name="test_order_items_update_twice_sends_notification" time="0.305" /><testcase classname="tests.test_iteration_54.TestNotificationTemplates" name="test_status_dispatched_template_variables" time="0.234" /><testcase classname="tests.test_iteration_54.TestNotificationTemplates" name="test_status_delivered_template_variables" time="0.000" /></testsuite></testsuites>