<?xml version="1.0" encoding="utf-8"?><testsuites name="pytest tests"><testsuite name="pytest" errors="0" failures="0" skipped="0" tests="28" time="5.982" timestamp="2026-03-16T15:44:14.839797+00:00" hostname="agent-env-35a828c2-ac63-4d6a-8149-a2da265eb319"><testcase classname="backend.tests.test_mr_orders.TestMRItems" name="test_get_mr_items_success" time="0.542" /><testcase classname="backend.tests.test_mr_orders.TestMRItems" name="test_get_mr_items_with_search" time="0.160" /><testcase classname="backend.tests.test_mr_orders.TestMRItems" name="test_get_mr_items_unauthorized" time="0.142" /><testcase classname="backend.tests.test_mr_orders.TestMRItems" name="test_get_mr_items_excludes_out_of_stock" time="0.135" /><testcase classname="backend.tests.test_mr_orders.TestMROrderCreation" name="test_create_mr_order_success" time="0.431" /><testcase classname="backend.tests.test_mr_orders.TestMROrderCreation" name="test_create_mr_order_missing_items" time="0.127" /><testcase classname="backend.tests.test_mr_orders.TestMROrderCreation" name="test_create_mr_order_missing_customer_name" time="0.131" /><testcase classname="backend.tests.test_mr_orders.TestMROrderHistory" name="test_get_mr_orders_success" time="0.133" /><testcase classname="backend.tests.test_mr_orders.TestMROrderHistory" name="test_get_mr_orders_unauthorized" time="0.142" /><testcase classname="backend.tests.test_mr_orders.TestMROrderHistory" name="test_verify_created_order_in_history" time="0.138" /><testcase classname="backend.tests.test_mr_orders.TestMROrderHistory" name="test_mr_order_has_source_field" time="0.130" /><testcase classname="backend.tests.test_mr_orders.TestMRCancelRequest" name="test_create_order_for_cancel_test" time="0.128" /><testcase classname="backend.tests.test_mr_orders.TestMRCancelRequest" name="test_mr_cancel_request_success" time="0.133" /><testcase classname="backend.tests.test_mr_orders.TestMRCancelRequest" name="test_verify_cancel_requested_flag" time="0.123" /><testcase classname="backend.tests.test_mr_orders.TestMRCancelRequest" name="test_mr_cancel_request_not_found" time="0.140" /><testcase classname="backend.tests.test_mr_orders.TestAdminCancelApproval" name="test_admin_view_orders_with_mr_source" time="0.490" /><testcase classname="backend.tests.test_mr_orders.TestAdminCancelApproval" name="test_admin_view_cancel_requested_orders" time="0.145" /><testcase classname="backend.tests.test_mr_orders.TestAdminCancelApproval" name="test_admin_approve_cancel_success" time="0.550" /><testcase classname="backend.tests.test_mr_orders.TestAdminCancelApproval" name="test_admin_reject_cancel_success" time="0.558" /><testcase classname="backend.tests.test_mr_orders.TestAdminCancelApproval" name="test_admin_approve_cancel_invalid_action" time="0.133" /><testcase classname="backend.tests.test_mr_orders.TestAdminCancelApproval" name="test_admin_approve_cancel_order_not_found" time="0.240" /><testcase classname="backend.tests.test_mr_orders.TestMRDashboardRegression" name="test_mr_dashboard_still_works" time="0.187" /><testcase classname="backend.tests.test_mr_orders.TestMRDashboardRegression" name="test_mr_customers_still_works" time="0.147" /><testcase classname="backend.tests.test_mr_orders.TestMRDashboardRegression" name="test_mr_visits_still_works" time="0.157" /><testcase classname="backend.tests.test_mr_orders.TestMRDashboardRegression" name="test_mr_followups_still_works" time="0.126" /><testcase classname="backend.tests.test_mr_orders.TestMRDashboardRegression" name="test_mr_visual_aids_still_works" time="0.138" /><testcase classname="backend.tests.test_mr_orders.TestAdminOrdersRegression" name="test_admin_orders_list_works" time="0.159" /><testcase classname="backend.tests.test_mr_orders.TestAdminOrdersRegression" name="test_admin_orders_filter_by_status" time="0.130" /></testsuite></testsuites>