<?xml version="1.0" encoding="utf-8"?><testsuites name="pytest tests"><testsuite name="pytest" errors="0" failures="0" skipped="0" tests="8" time="3.045" timestamp="2026-02-12T16:36:13.178854+00:00" hostname="agent-env-940b21e7-bb62-43be-b529-b0dec54beb61"><testcase classname="backend.tests.test_add_order_enhancements.TestAddOrderEnhancements" name="test_1_create_order_with_scheme_quantity" time="0.364" /><testcase classname="backend.tests.test_add_order_enhancements.TestAddOrderEnhancements" name="test_2_create_order_with_pending_items" time="0.337" /><testcase classname="backend.tests.test_add_order_enhancements.TestAddOrderEnhancements" name="test_3_create_order_with_multiple_pending_items" time="0.337" /><testcase classname="backend.tests.test_add_order_enhancements.TestAddOrderEnhancements" name="test_4_items_api_returns_rate_mrp_gst" time="0.304" /><testcase classname="backend.tests.test_add_order_enhancements.TestAddOrderEnhancements" name="test_5_orders_api_supports_string_quantity" time="0.300" /><testcase classname="backend.tests.test_add_order_enhancements.TestManualOrderCreateModel" name="test_1_order_without_pending_items" time="0.294" /><testcase classname="backend.tests.test_add_order_enhancements.TestManualOrderCreateModel" name="test_2_order_with_empty_pending_items" time="0.324" /><testcase classname="backend.tests.test_add_order_enhancements.TestCleanup" name="test_cleanup" time="0.737" /></testsuite></testsuites>