<?xml version="1.0" encoding="utf-8"?><testsuites name="pytest tests"><testsuite name="pytest" errors="0" failures="3" skipped="5" tests="9" time="2.680" timestamp="2026-02-12T16:51:34.249305+00:00" hostname="agent-env-940b21e7-bb62-43be-b529-b0dec54beb61"><testcase classname="tests.test_payment_tracking.TestPaymentTrackingAPI" name="test_01_create_order_for_payment_test" time="0.379"><failure message="KeyError: 'id'">tests/test_payment_tracking.py:75: in test_01_create_order_for_payment_test
    TestPaymentTrackingAPI.test_order_id = data['id']
                                           ^^^^^^^^^^
E   KeyError: 'id'</failure></testcase><testcase classname="tests.test_payment_tracking.TestPaymentTrackingAPI" name="test_02_update_to_ready_with_to_pay_mode" time="0.278"><skipped type="pytest.skip" message="No test order created">/app/backend/tests/test_payment_tracking.py:85: No test order created</skipped></testcase><testcase classname="tests.test_payment_tracking.TestPaymentTrackingAPI" name="test_03_create_order_for_paid_mode" time="0.286"><failure message="KeyError: 'id'">tests/test_payment_tracking.py:141: in test_03_create_order_for_paid_mode
    self.__class__.paid_order_id = data['id']
                                   ^^^^^^^^^^
E   KeyError: 'id'</failure></testcase><testcase classname="tests.test_payment_tracking.TestPaymentTrackingAPI" name="test_04_update_to_ready_with_paid_mode" time="0.269"><skipped type="pytest.skip" message="No paid order created">/app/backend/tests/test_payment_tracking.py:150: No paid order created</skipped></testcase><testcase classname="tests.test_payment_tracking.TestPaymentTrackingAPI" name="test_05_ship_order_creates_expense" time="0.267"><skipped type="pytest.skip" message="No paid order created">/app/backend/tests/test_payment_tracking.py:193: No paid order created</skipped></testcase><testcase classname="tests.test_payment_tracking.TestPaymentTrackingAPI" name="test_06_expense_has_transport_details" time="0.266"><skipped type="pytest.skip" message="No expense created">/app/backend/tests/test_payment_tracking.py:238: No expense created</skipped></testcase><testcase classname="tests.test_payment_tracking.TestPaymentTrackingAPI" name="test_07_to_pay_does_not_create_expense" time="0.272"><skipped type="pytest.skip" message="No test order">/app/backend/tests/test_payment_tracking.py:255: No test order</skipped></testcase><testcase classname="tests.test_payment_tracking.TestPaymentTrackingAPI" name="test_08_payment_amount_in_order_response" time="0.271" /><testcase classname="tests.test_payment_tracking.TestPaymentTrackingAPI" name="test_09_expense_account_variations" time="0.291"><failure message="KeyError: 'id'">tests/test_payment_tracking.py:319: in test_09_expense_account_variations
    order_id = resp.json()['id']
               ^^^^^^^^^^^^^^^^^
E   KeyError: 'id'</failure></testcase></testsuite></testsuites>