<?xml version="1.0" encoding="utf-8"?><testsuites name="pytest tests"><testsuite name="pytest" errors="0" failures="3" skipped="1" tests="18" time="9.625" timestamp="2026-03-01T03:29:48.032551+00:00" hostname="agent-env-aafbdc23-fa3a-4353-9a57-b6a3ab3e7ba8"><testcase classname="backend.tests.test_customers_crud.TestCustomersCRUD" name="test_get_all_customers" time="0.472" /><testcase classname="backend.tests.test_customers_crud.TestCustomersCRUD" name="test_edit_customer_name" time="0.834" /><testcase classname="backend.tests.test_customers_crud.TestCustomersCRUD" name="test_edit_customer_phone" time="0.655" /><testcase classname="backend.tests.test_customers_crud.TestCustomersCRUD" name="test_edit_customer_multiple_fields" time="0.671" /><testcase classname="backend.tests.test_customers_crud.TestCustomersCRUD" name="test_edit_customer_invalid_id" time="0.462" /><testcase classname="backend.tests.test_customers_crud.TestCustomersCRUD" name="test_edit_customer_no_valid_fields" time="0.582" /><testcase classname="backend.tests.test_customers_crud.TestCustomersCRUD" name="test_edit_customer_no_auth" time="0.454" /><testcase classname="backend.tests.test_customers_crud.TestCustomersCRUD" name="test_delete_customer_invalid_id" time="0.497" /><testcase classname="backend.tests.test_customers_crud.TestCustomersCRUD" name="test_delete_customer_no_auth" time="0.436" /><testcase classname="backend.tests.test_customers_crud.TestCustomersCRUD" name="test_delete_customer_with_creation" time="0.357"><skipped type="pytest.skip" message="Skipping actual delete to preserve test data">/app/backend/tests/test_customers_crud.py:204: Skipping actual delete to preserve test data</skipped></testcase><testcase classname="backend.tests.test_customers_crud.TestRemindersHistoryTab" name="test_get_reminders_all" time="0.422" /><testcase classname="backend.tests.test_customers_crud.TestRemindersHistoryTab" name="test_get_completed_reminders_history" time="0.445"><failure message="AssertionError: Reminder None should be completed&#10;assert None == True&#10; +  where None = &lt;built-in method get of dict object at 0xfdb6950ebd00&gt;('is_completed')&#10; +    where &lt;built-in method get of dict object at 0xfdb6950ebd00&gt; = {'customer_code': 'VMP-0003', 'days_overdue': 13, 'doctor_id': '4131c6c0-9c1b-4ef4-a540-6834cbe1cb77', 'doctor_name': 'Dr.HHH', ...}.get">backend/tests/test_customers_crud.py:245: in test_get_completed_reminders_history
    assert rem.get('is_completed') == True, f"Reminder {rem.get('id')} should be completed"
E   AssertionError: Reminder None should be completed
E   assert None == True
E    +  where None = &lt;built-in method get of dict object at 0xfdb6950ebd00&gt;('is_completed')
E    +    where &lt;built-in method get of dict object at 0xfdb6950ebd00&gt; = {'customer_code': 'VMP-0003', 'days_overdue': 13, 'doctor_id': '4131c6c0-9c1b-4ef4-a540-6834cbe1cb77', 'doctor_name': 'Dr.HHH', ...}.get</failure></testcase><testcase classname="backend.tests.test_customers_crud.TestRemindersHistoryTab" name="test_get_uncompleted_reminders" time="0.449" /><testcase classname="backend.tests.test_customers_crud.TestRemindersHistoryTab" name="test_get_today_reminders" time="0.507" /><testcase classname="backend.tests.test_customers_crud.TestRemindersHistoryTab" name="test_mark_reminder_complete" time="0.463"><failure message="KeyError: 'id'">backend/tests/test_customers_crud.py:302: in test_mark_reminder_complete
    reminder_id = reminder['id']
                  ^^^^^^^^^^^^^^
E   KeyError: 'id'</failure></testcase><testcase classname="backend.tests.test_customers_crud.TestFollowUpUpdates" name="test_get_doctors_with_followup" time="0.464" /><testcase classname="backend.tests.test_customers_crud.TestFollowUpUpdates" name="test_create_followup_updates_doctor" time="0.810" /><testcase classname="backend.tests.test_customers_crud.TestFollowUpUpdates" name="test_get_followup_history" time="0.549"><failure message="AssertionError: Failed to get follow-up history: {&quot;detail&quot;:&quot;Not Found&quot;}&#10;assert 404 == 200&#10; +  where 404 = &lt;Response [404]&gt;.status_code">backend/tests/test_customers_crud.py:417: in test_get_followup_history
    assert response.status_code == 200, f"Failed to get follow-up history: {response.text}"
E   AssertionError: Failed to get follow-up history: {"detail":"Not Found"}
E   assert 404 == 200
E    +  where 404 = &lt;Response [404]&gt;.status_code</failure></testcase></testsuite></testsuites>