<?xml version="1.0" encoding="utf-8"?><testsuites name="pytest tests"><testsuite name="pytest" errors="0" failures="0" skipped="0" tests="14" time="9.148" timestamp="2026-03-23T20:37:48.194398+00:00" hostname="agent-env-e93c7651-42a4-4aab-b247-9d4765194254"><testcase classname="backend.tests.test_new_features.TestItemVisibility" name="test_get_items_returns_is_hidden_field" time="0.550" /><testcase classname="backend.tests.test_new_features.TestItemVisibility" name="test_toggle_item_visibility_hide" time="0.881" /><testcase classname="backend.tests.test_new_features.TestItemVisibility" name="test_hidden_items_filtered_from_public_items" time="0.910" /><testcase classname="backend.tests.test_new_features.TestItemVisibility" name="test_hidden_items_still_visible_in_admin_items" time="0.803" /><testcase classname="backend.tests.test_new_features.TestMessageTemplates" name="test_get_all_templates" time="0.447" /><testcase classname="backend.tests.test_new_features.TestMessageTemplates" name="test_get_whatsapp_templates" time="0.461" /><testcase classname="backend.tests.test_new_features.TestMessageTemplates" name="test_get_email_templates" time="0.447" /><testcase classname="backend.tests.test_new_features.TestMessageTemplates" name="test_update_template" time="0.890" /><testcase classname="backend.tests.test_new_features.TestMessageTemplates" name="test_reset_template" time="0.564" /><testcase classname="backend.tests.test_new_features.TestItemImagesDownload" name="test_download_images_zip" time="0.491" /><testcase classname="backend.tests.test_new_features.TestCompanyShortName" name="test_get_company_settings_has_short_name" time="0.535" /><testcase classname="backend.tests.test_new_features.TestCompanyShortName" name="test_save_company_short_name" time="0.686" /><testcase classname="backend.tests.test_new_features.TestCompanyShortName" name="test_public_company_settings_has_short_name" time="0.461" /><testcase classname="backend.tests.test_new_features.TestHiddenItemsFiltering" name="test_customer_items_excludes_hidden" time="0.824" /></testsuite></testsuites>