<?xml version="1.0" encoding="utf-8"?><testsuites name="pytest tests"><testsuite name="pytest" errors="0" failures="0" skipped="0" tests="13" time="9.273" timestamp="2026-03-26T17:29:00.722077+00:00" hostname="agent-env-b144052c-deb8-44fc-a80e-2c1fb9d07c76"><testcase classname="backend.tests.test_whatsapp_multi_config.TestWhatsAppConfigCRUD" name="test_get_all_configs_returns_api_type_and_instance_id" time="0.675" /><testcase classname="backend.tests.test_whatsapp_multi_config.TestWhatsAppConfigCRUD" name="test_get_active_config" time="0.128" /><testcase classname="backend.tests.test_whatsapp_multi_config.TestWhatsAppConfigCRUD" name="test_create_config_with_query_param_type" time="0.334" /><testcase classname="backend.tests.test_whatsapp_multi_config.TestWhatsAppConfigCRUD" name="test_create_config_with_rest_api_type" time="0.251" /><testcase classname="backend.tests.test_whatsapp_multi_config.TestWhatsAppConfigCRUD" name="test_update_config_api_type_and_instance_id" time="0.514" /><testcase classname="backend.tests.test_whatsapp_multi_config.TestWhatsAppConfigActivation" name="test_activate_config_switches_active" time="0.544" /><testcase classname="backend.tests.test_whatsapp_multi_config.TestWhatsAppConfigTest" name="test_test_specific_config_endpoint_exists" time="0.128" /><testcase classname="backend.tests.test_whatsapp_multi_config.TestWhatsAppConfigTest" name="test_test_specific_config_with_valid_id" time="2.333" /><testcase classname="backend.tests.test_whatsapp_multi_config.TestWhatsAppConfigTest" name="test_test_rest_api_config" time="1.324" /><testcase classname="backend.tests.test_whatsapp_multi_config.TestExistingConfigs" name="test_botmaster_config_is_query_param" time="0.137" /><testcase classname="backend.tests.test_whatsapp_multi_config.TestExistingConfigs" name="test_aknexus_config_is_rest_api" time="0.116" /><testcase classname="backend.tests.test_whatsapp_multi_config.TestSendWaMsgDualType" name="test_query_param_type_sends_correctly" time="1.768" /><testcase classname="backend.tests.test_whatsapp_multi_config.TestSendWaMsgDualType" name="test_rest_api_type_sends_correctly" time="0.949" /></testsuite></testsuites>