<?xml version="1.0" encoding="utf-8"?><testsuites name="pytest tests"><testsuite name="pytest" errors="0" failures="0" skipped="0" tests="32" time="9.169" timestamp="2026-02-20T09:25:39.097207+00:00" hostname="agent-env-1c5719bb-4791-4282-875f-3adf7a9c2de3"><testcase classname="tests.test_marketing.TestMarketingStats" name="test_get_marketing_stats" time="0.541" /><testcase classname="tests.test_marketing.TestMarketingRecipients" name="test_get_all_recipients" time="0.502" /><testcase classname="tests.test_marketing.TestMarketingRecipients" name="test_get_doctors_only" time="0.143" /><testcase classname="tests.test_marketing.TestMarketingRecipients" name="test_get_medicals_only" time="0.140" /><testcase classname="tests.test_marketing.TestMarketingRecipients" name="test_get_agencies_only" time="0.103" /><testcase classname="tests.test_marketing.TestMarketingRecipients" name="test_filter_by_status_customer" time="0.109" /><testcase classname="tests.test_marketing.TestMarketingRecipients" name="test_filter_by_entity_and_status" time="0.116" /><testcase classname="tests.test_marketing.TestMarketingTemplates" name="test_get_templates" time="0.429" /><testcase classname="tests.test_marketing.TestMarketingTemplates" name="test_create_template" time="0.122" /><testcase classname="tests.test_marketing.TestMarketingTemplates" name="test_update_template" time="0.103" /><testcase classname="tests.test_marketing.TestMarketingTemplates" name="test_update_nonexistent_template" time="0.113" /><testcase classname="tests.test_marketing.TestMarketingTemplates" name="test_delete_template" time="0.111" /><testcase classname="tests.test_marketing.TestMarketingTemplates" name="test_delete_nonexistent_template" time="0.104" /><testcase classname="tests.test_marketing.TestMarketingCampaigns" name="test_get_campaigns" time="0.440" /><testcase classname="tests.test_marketing.TestMarketingCampaigns" name="test_get_campaigns_with_status_filter" time="0.099" /><testcase classname="tests.test_marketing.TestMarketingCampaigns" name="test_get_recipients_for_campaign" time="0.107" /><testcase classname="tests.test_marketing.TestMarketingCampaigns" name="test_create_campaign" time="0.113" /><testcase classname="tests.test_marketing.TestMarketingCampaigns" name="test_get_campaign_details" time="0.119" /><testcase classname="tests.test_marketing.TestMarketingCampaigns" name="test_get_nonexistent_campaign" time="0.101" /><testcase classname="tests.test_marketing.TestMarketingCampaigns" name="test_campaign_already_sending_error" time="0.000" /><testcase classname="tests.test_marketing.TestMarketingCampaigns" name="test_cancel_campaign" time="0.198" /><testcase classname="tests.test_marketing.TestMarketingCampaigns" name="test_cancel_completed_campaign_error" time="0.000" /><testcase classname="tests.test_marketing.TestMarketingCampaignSending" name="test_create_campaign_for_sending" time="0.558" /><testcase classname="tests.test_marketing.TestMarketingCampaignSending" name="test_send_campaign" time="3.114" /><testcase classname="tests.test_marketing.TestMarketingCampaignSending" name="test_verify_campaign_status_after_send" time="0.123" /><testcase classname="tests.test_marketing.TestMarketingCampaignSending" name="test_send_already_sending_campaign_error" time="0.098" /><testcase classname="tests.test_marketing.TestMarketingCampaignSending" name="test_send_nonexistent_campaign_error" time="0.110" /><testcase classname="tests.test_marketing.TestMarketingProductPromo" name="test_create_product_promo_campaign" time="0.771" /><testcase classname="tests.test_marketing.TestMarketingUnauthorized" name="test_stats_unauthorized" time="0.113" /><testcase classname="tests.test_marketing.TestMarketingUnauthorized" name="test_recipients_unauthorized" time="0.098" /><testcase classname="tests.test_marketing.TestMarketingUnauthorized" name="test_templates_unauthorized" time="0.097" /><testcase classname="tests.test_marketing.TestMarketingUnauthorized" name="test_campaigns_unauthorized" time="0.107" /></testsuite></testsuites>