<?xml version="1.0" encoding="utf-8"?><testsuites name="pytest tests"><testsuite name="pytest" errors="0" failures="0" skipped="0" tests="22" time="5.617" timestamp="2026-03-16T15:17:18.289465+00:00" hostname="agent-env-35a828c2-ac63-4d6a-8149-a2da265eb319"><testcase classname="backend.tests.test_mr_module.TestMRModuleBackend" name="test_get_states" time="0.164" /><testcase classname="backend.tests.test_mr_module.TestMRModuleBackend" name="test_get_districts" time="0.126" /><testcase classname="backend.tests.test_mr_module.TestMRModuleBackend" name="test_get_mrs_list" time="0.504" /><testcase classname="backend.tests.test_mr_module.TestMRModuleBackend" name="test_create_mr" time="0.357" /><testcase classname="backend.tests.test_mr_module.TestMRModuleBackend" name="test_get_mr_by_id" time="0.296" /><testcase classname="backend.tests.test_mr_module.TestMRModuleBackend" name="test_update_mr" time="0.313" /><testcase classname="backend.tests.test_mr_module.TestMRModuleBackend" name="test_search_mrs" time="0.134" /><testcase classname="backend.tests.test_mr_module.TestMRModuleBackend" name="test_mr_duplicate_phone_prevented" time="0.278" /><testcase classname="backend.tests.test_mr_module.TestMRModuleBackend" name="test_get_visual_aid_decks" time="0.142" /><testcase classname="backend.tests.test_mr_module.TestMRModuleBackend" name="test_create_visual_aid_deck" time="0.177" /><testcase classname="backend.tests.test_mr_module.TestMRModuleBackend" name="test_get_deck_by_id" time="0.267" /><testcase classname="backend.tests.test_mr_module.TestMRModuleBackend" name="test_update_visual_aid_deck" time="0.282" /><testcase classname="backend.tests.test_mr_module.TestMRModuleBackend" name="test_create_deck_subcategory_type" time="0.136" /><testcase classname="backend.tests.test_mr_module.TestMRModuleBackend" name="test_create_deck_custom_type" time="0.132" /><testcase classname="backend.tests.test_mr_module.TestMRModuleBackend" name="test_add_slide_to_deck" time="0.273" /><testcase classname="backend.tests.test_mr_module.TestMRModuleBackend" name="test_delete_slide_from_deck" time="0.450" /><testcase classname="backend.tests.test_mr_module.TestMRModuleBackend" name="test_get_mr_reports" time="0.136" /><testcase classname="backend.tests.test_mr_module.TestMRModuleBackend" name="test_get_mr_reports_with_filter" time="0.284" /><testcase classname="backend.tests.test_mr_module.TestMRModuleBackend" name="test_delete_mr" time="0.268" /><testcase classname="backend.tests.test_mr_module.TestMRModuleBackend" name="test_delete_visual_aid_decks" time="0.570" /><testcase classname="backend.tests.test_mr_module.TestMRModuleBackend" name="test_delete_nonexistent_mr" time="0.150" /><testcase classname="backend.tests.test_mr_module.TestMRModuleBackend" name="test_delete_nonexistent_deck" time="0.121" /></testsuite></testsuites>